#
# A fatal error has been detected by the Java Runtime Environment:
#
#  EXCEPTION_ACCESS_VIOLATION (0xc0000005) at pc=0x00007ffb927bc878, pid=4360, tid=15092
#
# JRE version: OpenJDK Runtime Environment (11.0.13) (build 11.0.13+0-b1751.21-8125866)
# Java VM: OpenJDK 64-Bit Server VM (11.0.13+0-b1751.21-8125866, mixed mode, tiered, compressed oops, g1 gc, windows-amd64)
# Problematic frame:
# V  [jvm.dll+0x63c878]
#
# No core dump will be written. Minidumps are not enabled by default on client versions of Windows
#
# If you would like to submit a bug report, please visit:
#   https://bugreport.java.com/bugreport/crash.jsp
#

---------------  S U M M A R Y ------------

Command Line: --add-opens=java.base/java.util=ALL-UNNAMED --add-opens=java.base/java.lang=ALL-UNNAMED --add-opens=java.base/java.lang.invoke=ALL-UNNAMED --add-opens=java.base/java.util=ALL-UNNAMED --add-opens=java.prefs/java.util.prefs=ALL-UNNAMED --add-opens=java.prefs/java.util.prefs=ALL-UNNAMED --add-opens=java.base/java.nio.charset=ALL-UNNAMED --add-opens=java.base/java.net=ALL-UNNAMED --add-opens=java.base/java.util.concurrent.atomic=ALL-UNNAMED -Xmx4096m -Dfile.encoding=UTF-8 -Duser.country=RU -Duser.language=ru -Duser.variant org.gradle.launcher.daemon.bootstrap.GradleDaemon 7.4

Host: Intel(R) Core(TM) i7-6700K CPU @ 4.00GHz, 8 cores, 15G,  Windows 10 , 64 bit Build 19041 (10.0.19041.2251)
Time: Sun Dec 11 12:19:07 2022 RTZ 2 (зима) elapsed time: 2.901662 seconds (0d 0h 0m 2s)

---------------  T H R E A D  ---------------

Current thread (0x00000207f69f3000):  JavaThread "C2 CompilerThread2" daemon [_thread_in_native, id=15092, stack(0x000000f000600000,0x000000f000700000)]


Current CompileTask:
C2:   2901 3182   !   4       java.net.URLClassLoader$1::run (81 bytes)

Stack: [0x000000f000600000,0x000000f000700000],  sp=0x000000f0006fb790,  free space=1005k
Native frames: (J=compiled Java code, j=interpreted, Vv=VM code, C=native code)
V  [jvm.dll+0x63c878]
V  [jvm.dll+0x63e164]
V  [jvm.dll+0x63ce1d]
V  [jvm.dll+0x5249e8]
V  [jvm.dll+0x204802]
V  [jvm.dll+0x2023c2]
V  [jvm.dll+0x188e01]
V  [jvm.dll+0x21106b]
V  [jvm.dll+0x20f8c1]
V  [jvm.dll+0x70de0f]
V  [jvm.dll+0x706a75]
V  [jvm.dll+0x60ed66]
C  [ucrtbase.dll+0x21bb2]
C  [KERNEL32.DLL+0x174b4]
C  [ntdll.dll+0x526a1]


siginfo: EXCEPTION_ACCESS_VIOLATION (0xc0000005), reading address 0xffffffffffffffff


Register to memory mapping:

RIP=0x00007ffb927bc878 jvm.dll
RAX=0x00000207fae8ca10 points into unknown readable memory: 0x00000207f6e4edf0 | f0 ed e4 f6 07 02 00 00
RBX=0x40000207f8f10f88 is an unknown value
RCX=0x00000207f90a74f0 points into unknown readable memory: 0x00007ffb929a49a8 | a8 49 9a 92 fb 7f 00 00
RDX=0x0000000080000000 is an unknown value
RSP=0x000000f0006fb790 is pointing into the stack for thread: 0x00000207f69f3000
RBP=0x0000000000001e21 is an unknown value
RSI=0x0000000000000002 is an unknown value
RDI=0x000000f0006fd218 is pointing into the stack for thread: 0x00000207f69f3000
R8 =0x00007ffb92a28008 jvm.dll
R9 =0x0 is NULL
R10=0x00000207fc580a20 points into unknown readable memory: 0x00007ffb92a28008 | 08 80 a2 92 fb 7f 00 00
R11=0x000000f0006fb798 is pointing into the stack for thread: 0x00000207f69f3000
R12=0x0000000000000f11 is an unknown value
R13=0x000000000000002d is an unknown value
R14=0x00000207f90a74f0 points into unknown readable memory: 0x00007ffb929a49a8 | a8 49 9a 92 fb 7f 00 00
R15=0x0000000000000f10 is an unknown value


Registers:
RAX=0x00000207fae8ca10, RBX=0x40000207f8f10f88, RCX=0x00000207f90a74f0, RDX=0x0000000080000000
RSP=0x000000f0006fb790, RBP=0x0000000000001e21, RSI=0x0000000000000002, RDI=0x000000f0006fd218
R8 =0x00007ffb92a28008, R9 =0x0000000000000000, R10=0x00000207fc580a20, R11=0x000000f0006fb798
R12=0x0000000000000f11, R13=0x000000000000002d, R14=0x00000207f90a74f0, R15=0x0000000000000f10
RIP=0x00007ffb927bc878, EFLAGS=0x0000000000010202

Top of Stack: (sp=0x000000f0006fb790)
0x000000f0006fb790:   00000207f90a74f0 000000f0006fc890
0x000000f0006fb7a0:   00000207f90a74f0 00007ffb923169bc
0x000000f0006fb7b0:   0000000000000003 0000000000000000
0x000000f0006fb7c0:   0000000000000000 00000207f92a2098
0x000000f0006fb7d0:   00000207f90a74f0 00007ffb927be164
0x000000f0006fb7e0:   00000207f90a74f0 0000000000000002
0x000000f0006fb7f0:   000000f0006fc890 0000000000000ff3
0x000000f0006fb800:   0000000000000003 000000f0006fc890
0x000000f0006fb810:   00000207f90a74f0 00007ffb927bce1d
0x000000f0006fb820:   0000000000000002 00000207000000fa
0x000000f0006fb830:   000000f0006fd268 000000000000008b
0x000000f0006fb840:   0000000000000000 0000000000000002
0x000000f0006fb850:   000000f0006fbe70 00007ffb926a49e8
0x000000f0006fb860:   00000207f6f6c8a0 000000f0006fb960
0x000000f0006fb870:   00000207f6f6c8a0 0000000000000001
0x000000f0006fb880:   00000207f8cd65f0 0000000000001000 

Instructions: (pc=0x00007ffb927bc878)
0x00007ffb927bc778:   4a 8b 0c 02 4a 39 0c 0a 75 16 ff c0 3b c7 72 e8
0x00007ffb927bc788:   49 8b 06 48 8b d3 49 8b ce ff 50 60 85 c0 75 3a
0x00007ffb927bc798:   8b 45 08 41 03 f7 ff c8 23 f0 48 8b 45 18 48 8b
0x00007ffb927bc7a8:   1c f0 48 85 db 75 a1 33 c0 4c 8b 64 24 58 48 8b
0x00007ffb927bc7b8:   7c 24 50 48 8b 74 24 48 48 8b 5c 24 40 4c 8b 7c
0x00007ffb927bc7c8:   24 20 48 83 c4 28 41 5e 5d c3 48 8b c3 eb da cc
0x00007ffb927bc7d8:   cc cc cc cc cc cc cc cc 40 57 41 56 48 83 ec 38
0x00007ffb927bc7e8:   48 8b 02 48 8b f9 48 8b ca 4c 8b f2 ff 50 58 85
0x00007ffb927bc7f8:   c0 75 0a 33 c0 48 83 c4 38 41 5e 5f c3 48 89 5c
0x00007ffb927bc808:   24 50 48 89 6c 24 58 8b 6f 08 ff cd 4c 89 64 24
0x00007ffb927bc818:   30 23 e8 48 8b 47 18 44 8b e5 41 83 cc 01 48 8b
0x00007ffb927bc828:   1c e8 48 85 db 75 1e 4c 89 34 e8 ff 47 0c 8b 47
0x00007ffb927bc838:   0c 3b 47 10 75 08 48 8b cf e8 2a fd ff ff 33 c0
0x00007ffb927bc848:   e9 d6 00 00 00 33 c0 48 89 74 24 60 48 3b 5f 20
0x00007ffb927bc858:   49 8b ce 4c 89 6c 24 28 4c 89 7c 24 20 44 8b fd
0x00007ffb927bc868:   44 0f 45 f8 49 8b 06 ff 10 41 8b 76 18 44 8b e8
0x00007ffb927bc878:   39 73 18 75 4b 48 8b 13 48 8b cb ff 12 41 3b c5
0x00007ffb927bc888:   75 3e 33 c0 85 f6 74 28 4c 8b 43 08 4d 8b 4e 08
0x00007ffb927bc898:   0f 1f 84 00 00 00 00 00 48 8d 14 c5 00 00 00 00
0x00007ffb927bc8a8:   4a 8b 0c 02 4a 39 0c 0a 75 16 ff c0 3b c6 72 e8
0x00007ffb927bc8b8:   49 8b 06 48 8b d3 49 8b ce ff 50 60 85 c0 75 27
0x00007ffb927bc8c8:   8b 47 08 41 03 ec ff c8 23 e8 48 8b 47 18 48 8b
0x00007ffb927bc8d8:   1c e8 48 85 db 74 15 45 85 ff 75 94 48 3b 5f 20
0x00007ffb927bc8e8:   75 8e 44 8b fd eb 89 48 8b c3 eb 20 45 85 ff 44
0x00007ffb927bc8f8:   0f 44 fd 4e 89 34 f8 ff 47 0c 8b 47 0c 3b 47 10
0x00007ffb927bc908:   75 08 48 8b cf e8 5e fc ff ff 33 c0 4c 8b 6c 24
0x00007ffb927bc918:   28 48 8b 74 24 60 4c 8b 7c 24 20 48 8b 6c 24 58
0x00007ffb927bc928:   48 8b 5c 24 50 4c 8b 64 24 30 48 83 c4 38 41 5e
0x00007ffb927bc938:   5f c3 cc cc cc cc cc cc 48 89 5c 24 08 48 89 74
0x00007ffb927bc948:   24 10 57 48 83 ec 20 48 8b 02 48 8b d9 48 8b ca
0x00007ffb927bc958:   48 8b fa ff 50 58 8b f0 85 c0 74 54 ff 43 0c 44
0x00007ffb927bc968:   8b 43 0c 44 3b 43 10 75 08 48 8b cb e8 f7 fb ff 


Stack slot to memory mapping:
stack at sp + 0 slots: 0x00000207f90a74f0 points into unknown readable memory: 0x00007ffb929a49a8 | a8 49 9a 92 fb 7f 00 00
stack at sp + 1 slots: 0x000000f0006fc890 is pointing into the stack for thread: 0x00000207f69f3000
stack at sp + 2 slots: 0x00000207f90a74f0 points into unknown readable memory: 0x00007ffb929a49a8 | a8 49 9a 92 fb 7f 00 00
stack at sp + 3 slots: 0x00007ffb923169bc jvm.dll
stack at sp + 4 slots: 0x0000000000000003 is an unknown value
stack at sp + 5 slots: 0x0 is NULL
stack at sp + 6 slots: 0x0 is NULL
stack at sp + 7 slots: 0x00000207f92a2098 points into unknown readable memory: 0x00007ffb92987e90 | 90 7e 98 92 fb 7f 00 00


---------------  P R O C E S S  ---------------

Threads class SMR info:
_java_thread_list=0x00000207f842aae0, length=34, elements={
0x00000207d5f6f000, 0x00000207f59f4000, 0x00000207f59f5800, 0x00000207f513e800,
0x00000207f513f800, 0x00000207f5140800, 0x00000207f5141800, 0x00000207f5a53800,
0x00000207f5a5e800, 0x00000207f5bc3000, 0x00000207f8655000, 0x00000207f5c9d000,
0x00000207f836d800, 0x00000207f8708800, 0x00000207f8dee800, 0x00000207f83be000,
0x00000207f6fa1000, 0x00000207f8b51800, 0x00000207f7acd000, 0x00000207f7202800,
0x00000207f7531800, 0x00000207f7532000, 0x00000207f7530800, 0x00000207f9204800,
0x00000207f69f3000, 0x00000207f7533000, 0x00000207f91aa000, 0x00000207f91af000,
0x00000207f91ab000, 0x00000207f91ac800, 0x00000207f91ae000, 0x00000207f91ab800,
0x00000207f91b0000, 0x00000207f91b0800
}

Java Threads: ( => current thread )
  0x00000207d5f6f000 JavaThread "main" [_thread_blocked, id=7932, stack(0x000000f07df00000,0x000000f07e000000)]
  0x00000207f59f4000 JavaThread "Reference Handler" daemon [_thread_blocked, id=2684, stack(0x000000f07e600000,0x000000f07e700000)]
  0x00000207f59f5800 JavaThread "Finalizer" daemon [_thread_blocked, id=2656, stack(0x000000f07e700000,0x000000f07e800000)]
  0x00000207f513e800 JavaThread "Signal Dispatcher" daemon [_thread_blocked, id=11148, stack(0x000000f07e800000,0x000000f07e900000)]
  0x00000207f513f800 JavaThread "Attach Listener" daemon [_thread_blocked, id=10712, stack(0x000000f07e900000,0x000000f07ea00000)]
  0x00000207f5140800 JavaThread "Service Thread" daemon [_thread_blocked, id=9600, stack(0x000000f07ea00000,0x000000f07eb00000)]
  0x00000207f5141800 JavaThread "C2 CompilerThread0" daemon [_thread_in_native, id=5528, stack(0x000000f07eb00000,0x000000f07ec00000)]
  0x00000207f5a53800 JavaThread "C1 CompilerThread0" daemon [_thread_in_vm, id=1528, stack(0x000000f07ec00000,0x000000f07ed00000)]
  0x00000207f5a5e800 JavaThread "Sweeper thread" daemon [_thread_blocked, id=9588, stack(0x000000f07ed00000,0x000000f07ee00000)]
  0x00000207f5bc3000 JavaThread "Common-Cleaner" daemon [_thread_blocked, id=744, stack(0x000000f07ee00000,0x000000f07ef00000)]
  0x00000207f8655000 JavaThread "Daemon health stats" [_thread_blocked, id=9672, stack(0x000000f07f700000,0x000000f07f800000)]
  0x00000207f5c9d000 JavaThread "Incoming local TCP Connector on port 1684" [_thread_in_native, id=10080, stack(0x000000f07f000000,0x000000f07f100000)]
  0x00000207f836d800 JavaThread "Daemon periodic checks" [_thread_blocked, id=14076, stack(0x000000f07f100000,0x000000f07f200000)]
  0x00000207f8708800 JavaThread "Daemon" [_thread_blocked, id=8328, stack(0x000000f07f800000,0x000000f07f900000)]
  0x00000207f8dee800 JavaThread "Handler for socket connection from /127.0.0.1:1684 to /127.0.0.1:1685" [_thread_in_native, id=12760, stack(0x000000f07f900000,0x000000f07fa00000)]
  0x00000207f83be000 JavaThread "Cancel handler" [_thread_blocked, id=11920, stack(0x000000f07fa00000,0x000000f07fb00000)]
  0x00000207f6fa1000 JavaThread "Daemon worker" [_thread_in_Java, id=748, stack(0x000000f07fb00000,0x000000f07fc00000)]
  0x00000207f8b51800 JavaThread "Asynchronous log dispatcher for DefaultDaemonConnection: socket connection from /127.0.0.1:1684 to /127.0.0.1:1685" [_thread_blocked, id=860, stack(0x000000f07fc00000,0x000000f07fd00000)]
  0x00000207f7acd000 JavaThread "Stdin handler" [_thread_blocked, id=848, stack(0x000000f07fd00000,0x000000f07fe00000)]
  0x00000207f7202800 JavaThread "Daemon client event forwarder" [_thread_blocked, id=3768, stack(0x000000f07fe00000,0x000000f07ff00000)]
  0x00000207f7531800 JavaThread "Cache worker for journal cache (C:\Users\admin\.gradle\caches\journal-1)" [_thread_blocked, id=7856, stack(0x000000f07ff00000,0x000000f080000000)]
  0x00000207f7532000 JavaThread "File lock request listener" [_thread_in_native, id=4412, stack(0x000000f000000000,0x000000f000100000)]
  0x00000207f7530800 JavaThread "Cache worker for file hash cache (C:\Users\admin\.gradle\caches\7.4\fileHashes)" [_thread_blocked, id=10132, stack(0x000000f000100000,0x000000f000200000)]
  0x00000207f9204800 JavaThread "C2 CompilerThread1" daemon [_thread_in_native, id=9536, stack(0x000000f000500000,0x000000f000600000)]
=>0x00000207f69f3000 JavaThread "C2 CompilerThread2" daemon [_thread_in_native, id=15092, stack(0x000000f000600000,0x000000f000700000)]
  0x00000207f7533000 JavaThread "File watcher server" daemon [_thread_in_native, id=7504, stack(0x000000f000700000,0x000000f000800000)]
  0x00000207f91aa000 JavaThread "File watcher consumer" daemon [_thread_blocked, id=14764, stack(0x000000f000800000,0x000000f000900000)]
  0x00000207f91af000 JavaThread "Cache worker for checksums cache (C:\Users\admin\AndroidStudioProjects\MyPet\.gradle\7.4\checksums)" [_thread_blocked, id=14200, stack(0x000000f000900000,0x000000f000a00000)]
  0x00000207f91ab000 JavaThread "Cache worker for cache directory md-rule (C:\Users\admin\.gradle\caches\7.4\md-rule)" [_thread_blocked, id=6440, stack(0x000000f000a00000,0x000000f000b00000)]
  0x00000207f91ac800 JavaThread "Cache worker for file hash cache (C:\Users\admin\AndroidStudioProjects\MyPet\.gradle\7.4\fileHashes)" [_thread_blocked, id=15332, stack(0x000000f000b00000,0x000000f000c00000)]
  0x00000207f91ae000 JavaThread "Cache worker for cache directory md-supplier (C:\Users\admin\.gradle\caches\7.4\md-supplier)" [_thread_blocked, id=5076, stack(0x000000f000c00000,0x000000f000d00000)]
  0x00000207f91ab800 JavaThread "Cache worker for execution history cache (C:\Users\admin\.gradle\caches\7.4\executionHistory)" [_thread_blocked, id=13592, stack(0x000000f000d00000,0x000000f000e00000)]
  0x00000207f91b0000 JavaThread "jar transforms" [_thread_blocked, id=1444, stack(0x000000f000e00000,0x000000f000f00000)]
  0x00000207f91b0800 JavaThread "Cache worker for file content cache (C:\Users\admin\.gradle\caches\7.4\fileContent)" [_thread_blocked, id=4452, stack(0x000000f000f00000,0x000000f001000000)]

Other Threads:
  0x00000207f5127000 VMThread "VM Thread" [stack: 0x000000f07e500000,0x000000f07e600000] [id=9416]
  0x00000207f5bf5800 WatcherThread [stack: 0x000000f07ef00000,0x000000f07f000000] [id=15148]
  0x00000207d5f86000 GCTaskThread "GC Thread#0" [stack: 0x000000f07e000000,0x000000f07e100000] [id=9624]
  0x00000207f5f83000 GCTaskThread "GC Thread#1" [stack: 0x000000f07f200000,0x000000f07f300000] [id=13536]
  0x00000207f6ec5000 GCTaskThread "GC Thread#2" [stack: 0x000000f07f300000,0x000000f07f400000] [id=13632]
  0x00000207f683d000 GCTaskThread "GC Thread#3" [stack: 0x000000f07f400000,0x000000f07f500000] [id=12360]
  0x00000207f64ec000 GCTaskThread "GC Thread#4" [stack: 0x000000f07f500000,0x000000f07f600000] [id=9820]
  0x00000207f5ca1000 GCTaskThread "GC Thread#5" [stack: 0x000000f07f600000,0x000000f07f700000] [id=1112]
  0x00000207f8654000 GCTaskThread "GC Thread#6" [stack: 0x000000f000200000,0x000000f000300000] [id=2012]
  0x00000207f6fb8800 GCTaskThread "GC Thread#7" [stack: 0x000000f000300000,0x000000f000400000] [id=1948]
  0x00000207d5fe6800 ConcurrentGCThread "G1 Main Marker" [stack: 0x000000f07e100000,0x000000f07e200000] [id=12244]
  0x00000207d5fe8800 ConcurrentGCThread "G1 Conc#0" [stack: 0x000000f07e200000,0x000000f07e300000] [id=12516]
  0x00000207f6daf800 ConcurrentGCThread "G1 Conc#1" [stack: 0x000000f000400000,0x000000f000500000] [id=6268]
  0x00000207d604e000 ConcurrentGCThread "G1 Refine#0" [stack: 0x000000f07e300000,0x000000f07e400000] [id=592]
  0x00000207f5010800 ConcurrentGCThread "G1 Young RemSet Sampling" [stack: 0x000000f07e400000,0x000000f07e500000] [id=11224]

Threads with active compile tasks:
C2 CompilerThread0   2974 3181       4       java.net.URLClassLoader$1::run (5 bytes)
C2 CompilerThread1   2974 3290       4       java.lang.String::substring (68 bytes)
C2 CompilerThread2   2974 3182   !   4       java.net.URLClassLoader$1::run (81 bytes)

VM state:not at safepoint (normal execution)

VM Mutex/Monitor currently owned by a thread: None

Heap address: 0x0000000700000000, size: 4096 MB, Compressed Oops mode: Zero based, Oop shift amount: 3
Narrow klass base: 0x0000000800000000, Narrow klass shift: 0
Compressed class space size: 1073741824 Address: 0x0000000800000000

Heap:
 garbage-first heap   total 262144K, used 59271K [0x0000000700000000, 0x0000000800000000)
  region size 1024K, 45 young (46080K), 7 survivors (7168K)
 Metaspace       used 38184K, capacity 39122K, committed 39248K, reserved 1083392K
  class space    used 4882K, capacity 5223K, committed 5248K, reserved 1048576K
Heap Regions: E=young(eden), S=young(survivor), O=old, HS=humongous(starts), HC=humongous(continues), CS=collection set, F=free, A=archive, TAMS=top-at-mark-start (previous, next)
|   0|0x0000000700000000, 0x0000000700100000, 0x0000000700100000|100%| O|  |TAMS 0x0000000700100000, 0x0000000700000000| Untracked 
|   1|0x0000000700100000, 0x0000000700200000, 0x0000000700200000|100%| O|  |TAMS 0x0000000700200000, 0x0000000700100000| Untracked 
|   2|0x0000000700200000, 0x0000000700300000, 0x0000000700300000|100%| O|  |TAMS 0x0000000700300000, 0x0000000700200000| Untracked 
|   3|0x0000000700300000, 0x0000000700400000, 0x0000000700400000|100%|HS|  |TAMS 0x0000000700400000, 0x0000000700300000| Complete 
|   4|0x0000000700400000, 0x0000000700500000, 0x0000000700500000|100%|HC|  |TAMS 0x0000000700500000, 0x0000000700400000| Complete 
|   5|0x0000000700500000, 0x0000000700600000, 0x0000000700600000|100%|HC|  |TAMS 0x0000000700600000, 0x0000000700500000| Complete 
|   6|0x0000000700600000, 0x0000000700700000, 0x0000000700700000|100%| O|  |TAMS 0x0000000700700000, 0x0000000700600000| Untracked 
|   7|0x0000000700700000, 0x0000000700800000, 0x0000000700800000|100%| O|  |TAMS 0x0000000700800000, 0x0000000700700000| Untracked 
|   8|0x0000000700800000, 0x0000000700900000, 0x0000000700900000|100%| O|  |TAMS 0x0000000700900000, 0x0000000700800000| Untracked 
|   9|0x0000000700900000, 0x0000000700a00000, 0x0000000700a00000|100%| O|  |TAMS 0x0000000700a00000, 0x0000000700900000| Untracked 
|  10|0x0000000700a00000, 0x0000000700b00000, 0x0000000700b00000|100%| O|  |TAMS 0x0000000700b00000, 0x0000000700a00000| Untracked 
|  11|0x0000000700b00000, 0x0000000700c00000, 0x0000000700c00000|100%| O|  |TAMS 0x0000000700c00000, 0x0000000700b00000| Untracked 
|  12|0x0000000700c00000, 0x0000000700d00000, 0x0000000700d00000|100%| O|  |TAMS 0x0000000700d00000, 0x0000000700c00000| Untracked 
|  13|0x0000000700d00000, 0x0000000700e00000, 0x0000000700e00000|100%| O|  |TAMS 0x0000000700e00000, 0x0000000700d00000| Untracked 
|  14|0x0000000700e00000, 0x0000000700ee1e00, 0x0000000700f00000| 88%| O|  |TAMS 0x0000000700ee1e00, 0x0000000700e00000| Untracked 
|  15|0x0000000700f00000, 0x0000000700f00000, 0x0000000701000000|  0%| F|  |TAMS 0x0000000700f00000, 0x0000000700f00000| Untracked 
|  16|0x0000000701000000, 0x0000000701000000, 0x0000000701100000|  0%| F|  |TAMS 0x0000000701000000, 0x0000000701000000| Untracked 
|  17|0x0000000701100000, 0x0000000701100000, 0x0000000701200000|  0%| F|  |TAMS 0x0000000701100000, 0x0000000701100000| Untracked 
|  18|0x0000000701200000, 0x0000000701200000, 0x0000000701300000|  0%| F|  |TAMS 0x0000000701200000, 0x0000000701200000| Untracked 
|  19|0x0000000701300000, 0x0000000701300000, 0x0000000701400000|  0%| F|  |TAMS 0x0000000701300000, 0x0000000701300000| Untracked 
|  20|0x0000000701400000, 0x0000000701400000, 0x0000000701500000|  0%| F|  |TAMS 0x0000000701400000, 0x0000000701400000| Untracked 
|  21|0x0000000701500000, 0x0000000701500000, 0x0000000701600000|  0%| F|  |TAMS 0x0000000701500000, 0x0000000701500000| Untracked 
|  22|0x0000000701600000, 0x0000000701600000, 0x0000000701700000|  0%| F|  |TAMS 0x0000000701600000, 0x0000000701600000| Untracked 
|  23|0x0000000701700000, 0x0000000701700000, 0x0000000701800000|  0%| F|  |TAMS 0x0000000701700000, 0x0000000701700000| Untracked 
|  24|0x0000000701800000, 0x0000000701800000, 0x0000000701900000|  0%| F|  |TAMS 0x0000000701800000, 0x0000000701800000| Untracked 
|  25|0x0000000701900000, 0x0000000701900000, 0x0000000701a00000|  0%| F|  |TAMS 0x0000000701900000, 0x0000000701900000| Untracked 
|  26|0x0000000701a00000, 0x0000000701a00000, 0x0000000701b00000|  0%| F|  |TAMS 0x0000000701a00000, 0x0000000701a00000| Untracked 
|  27|0x0000000701b00000, 0x0000000701b00000, 0x0000000701c00000|  0%| F|  |TAMS 0x0000000701b00000, 0x0000000701b00000| Untracked 
|  28|0x0000000701c00000, 0x0000000701c00000, 0x0000000701d00000|  0%| F|  |TAMS 0x0000000701c00000, 0x0000000701c00000| Untracked 
|  29|0x0000000701d00000, 0x0000000701d00000, 0x0000000701e00000|  0%| F|  |TAMS 0x0000000701d00000, 0x0000000701d00000| Untracked 
|  30|0x0000000701e00000, 0x0000000701e00000, 0x0000000701f00000|  0%| F|  |TAMS 0x0000000701e00000, 0x0000000701e00000| Untracked 
|  31|0x0000000701f00000, 0x0000000701f00000, 0x0000000702000000|  0%| F|  |TAMS 0x0000000701f00000, 0x0000000701f00000| Untracked 
|  32|0x0000000702000000, 0x0000000702000000, 0x0000000702100000|  0%| F|  |TAMS 0x0000000702000000, 0x0000000702000000| Untracked 
|  33|0x0000000702100000, 0x0000000702100000, 0x0000000702200000|  0%| F|  |TAMS 0x0000000702100000, 0x0000000702100000| Untracked 
|  34|0x0000000702200000, 0x0000000702200000, 0x0000000702300000|  0%| F|  |TAMS 0x0000000702200000, 0x0000000702200000| Untracked 
|  35|0x0000000702300000, 0x0000000702300000, 0x0000000702400000|  0%| F|  |TAMS 0x0000000702300000, 0x0000000702300000| Untracked 
|  36|0x0000000702400000, 0x0000000702400000, 0x0000000702500000|  0%| F|  |TAMS 0x0000000702400000, 0x0000000702400000| Untracked 
|  37|0x0000000702500000, 0x0000000702500000, 0x0000000702600000|  0%| F|  |TAMS 0x0000000702500000, 0x0000000702500000| Untracked 
|  38|0x0000000702600000, 0x0000000702600000, 0x0000000702700000|  0%| F|  |TAMS 0x0000000702600000, 0x0000000702600000| Untracked 
|  39|0x0000000702700000, 0x0000000702700000, 0x0000000702800000|  0%| F|  |TAMS 0x0000000702700000, 0x0000000702700000| Untracked 
|  40|0x0000000702800000, 0x0000000702800000, 0x0000000702900000|  0%| F|  |TAMS 0x0000000702800000, 0x0000000702800000| Untracked 
|  41|0x0000000702900000, 0x0000000702900000, 0x0000000702a00000|  0%| F|  |TAMS 0x0000000702900000, 0x0000000702900000| Untracked 
|  42|0x0000000702a00000, 0x0000000702a00000, 0x0000000702b00000|  0%| F|  |TAMS 0x0000000702a00000, 0x0000000702a00000| Untracked 
|  43|0x0000000702b00000, 0x0000000702b00000, 0x0000000702c00000|  0%| F|  |TAMS 0x0000000702b00000, 0x0000000702b00000| Untracked 
|  44|0x0000000702c00000, 0x0000000702c00000, 0x0000000702d00000|  0%| F|  |TAMS 0x0000000702c00000, 0x0000000702c00000| Untracked 
|  45|0x0000000702d00000, 0x0000000702d00000, 0x0000000702e00000|  0%| F|  |TAMS 0x0000000702d00000, 0x0000000702d00000| Untracked 
|  46|0x0000000702e00000, 0x0000000702e00000, 0x0000000702f00000|  0%| F|  |TAMS 0x0000000702e00000, 0x0000000702e00000| Untracked 
|  47|0x0000000702f00000, 0x0000000702f00000, 0x0000000703000000|  0%| F|  |TAMS 0x0000000702f00000, 0x0000000702f00000| Untracked 
|  48|0x0000000703000000, 0x0000000703000000, 0x0000000703100000|  0%| F|  |TAMS 0x0000000703000000, 0x0000000703000000| Untracked 
|  49|0x0000000703100000, 0x0000000703100000, 0x0000000703200000|  0%| F|  |TAMS 0x0000000703100000, 0x0000000703100000| Untracked 
|  50|0x0000000703200000, 0x0000000703200000, 0x0000000703300000|  0%| F|  |TAMS 0x0000000703200000, 0x0000000703200000| Untracked 
|  51|0x0000000703300000, 0x0000000703300000, 0x0000000703400000|  0%| F|  |TAMS 0x0000000703300000, 0x0000000703300000| Untracked 
|  52|0x0000000703400000, 0x0000000703400000, 0x0000000703500000|  0%| F|  |TAMS 0x0000000703400000, 0x0000000703400000| Untracked 
|  53|0x0000000703500000, 0x0000000703500000, 0x0000000703600000|  0%| F|  |TAMS 0x0000000703500000, 0x0000000703500000| Untracked 
|  54|0x0000000703600000, 0x0000000703600000, 0x0000000703700000|  0%| F|  |TAMS 0x0000000703600000, 0x0000000703600000| Untracked 
|  55|0x0000000703700000, 0x0000000703700000, 0x0000000703800000|  0%| F|  |TAMS 0x0000000703700000, 0x0000000703700000| Untracked 
|  56|0x0000000703800000, 0x0000000703800000, 0x0000000703900000|  0%| F|  |TAMS 0x0000000703800000, 0x0000000703800000| Untracked 
|  57|0x0000000703900000, 0x0000000703900000, 0x0000000703a00000|  0%| F|  |TAMS 0x0000000703900000, 0x0000000703900000| Untracked 
|  58|0x0000000703a00000, 0x0000000703a00000, 0x0000000703b00000|  0%| F|  |TAMS 0x0000000703a00000, 0x0000000703a00000| Untracked 
|  59|0x0000000703b00000, 0x0000000703b00000, 0x0000000703c00000|  0%| F|  |TAMS 0x0000000703b00000, 0x0000000703b00000| Untracked 
|  60|0x0000000703c00000, 0x0000000703c00000, 0x0000000703d00000|  0%| F|  |TAMS 0x0000000703c00000, 0x0000000703c00000| Untracked 
|  61|0x0000000703d00000, 0x0000000703d00000, 0x0000000703e00000|  0%| F|  |TAMS 0x0000000703d00000, 0x0000000703d00000| Untracked 
|  62|0x0000000703e00000, 0x0000000703e00000, 0x0000000703f00000|  0%| F|  |TAMS 0x0000000703e00000, 0x0000000703e00000| Untracked 
|  63|0x0000000703f00000, 0x0000000703f00000, 0x0000000704000000|  0%| F|  |TAMS 0x0000000703f00000, 0x0000000703f00000| Untracked 
|  64|0x0000000704000000, 0x0000000704000000, 0x0000000704100000|  0%| F|  |TAMS 0x0000000704000000, 0x0000000704000000| Untracked 
|  65|0x0000000704100000, 0x0000000704100000, 0x0000000704200000|  0%| F|  |TAMS 0x0000000704100000, 0x0000000704100000| Untracked 
|  66|0x0000000704200000, 0x0000000704200000, 0x0000000704300000|  0%| F|  |TAMS 0x0000000704200000, 0x0000000704200000| Untracked 
|  67|0x0000000704300000, 0x0000000704300000, 0x0000000704400000|  0%| F|  |TAMS 0x0000000704300000, 0x0000000704300000| Untracked 
|  68|0x0000000704400000, 0x0000000704400000, 0x0000000704500000|  0%| F|  |TAMS 0x0000000704400000, 0x0000000704400000| Untracked 
|  69|0x0000000704500000, 0x0000000704500000, 0x0000000704600000|  0%| F|  |TAMS 0x0000000704500000, 0x0000000704500000| Untracked 
|  70|0x0000000704600000, 0x0000000704600000, 0x0000000704700000|  0%| F|  |TAMS 0x0000000704600000, 0x0000000704600000| Untracked 
|  71|0x0000000704700000, 0x0000000704700000, 0x0000000704800000|  0%| F|  |TAMS 0x0000000704700000, 0x0000000704700000| Untracked 
|  72|0x0000000704800000, 0x0000000704800000, 0x0000000704900000|  0%| F|  |TAMS 0x0000000704800000, 0x0000000704800000| Untracked 
|  73|0x0000000704900000, 0x0000000704900000, 0x0000000704a00000|  0%| F|  |TAMS 0x0000000704900000, 0x0000000704900000| Untracked 
|  74|0x0000000704a00000, 0x0000000704a00000, 0x0000000704b00000|  0%| F|  |TAMS 0x0000000704a00000, 0x0000000704a00000| Untracked 
|  75|0x0000000704b00000, 0x0000000704b00000, 0x0000000704c00000|  0%| F|  |TAMS 0x0000000704b00000, 0x0000000704b00000| Untracked 
|  76|0x0000000704c00000, 0x0000000704c00000, 0x0000000704d00000|  0%| F|  |TAMS 0x0000000704c00000, 0x0000000704c00000| Untracked 
|  77|0x0000000704d00000, 0x0000000704d00000, 0x0000000704e00000|  0%| F|  |TAMS 0x0000000704d00000, 0x0000000704d00000| Untracked 
|  78|0x0000000704e00000, 0x0000000704e00000, 0x0000000704f00000|  0%| F|  |TAMS 0x0000000704e00000, 0x0000000704e00000| Untracked 
|  79|0x0000000704f00000, 0x0000000704f00000, 0x0000000705000000|  0%| F|  |TAMS 0x0000000704f00000, 0x0000000704f00000| Untracked 
|  80|0x0000000705000000, 0x0000000705000000, 0x0000000705100000|  0%| F|  |TAMS 0x0000000705000000, 0x0000000705000000| Untracked 
|  81|0x0000000705100000, 0x0000000705100000, 0x0000000705200000|  0%| F|  |TAMS 0x0000000705100000, 0x0000000705100000| Untracked 
|  82|0x0000000705200000, 0x0000000705200000, 0x0000000705300000|  0%| F|  |TAMS 0x0000000705200000, 0x0000000705200000| Untracked 
|  83|0x0000000705300000, 0x0000000705300000, 0x0000000705400000|  0%| F|  |TAMS 0x0000000705300000, 0x0000000705300000| Untracked 
|  84|0x0000000705400000, 0x0000000705400000, 0x0000000705500000|  0%| F|  |TAMS 0x0000000705400000, 0x0000000705400000| Untracked 
|  85|0x0000000705500000, 0x0000000705500000, 0x0000000705600000|  0%| F|  |TAMS 0x0000000705500000, 0x0000000705500000| Untracked 
|  86|0x0000000705600000, 0x0000000705600000, 0x0000000705700000|  0%| F|  |TAMS 0x0000000705600000, 0x0000000705600000| Untracked 
|  87|0x0000000705700000, 0x0000000705700000, 0x0000000705800000|  0%| F|  |TAMS 0x0000000705700000, 0x0000000705700000| Untracked 
|  88|0x0000000705800000, 0x0000000705800000, 0x0000000705900000|  0%| F|  |TAMS 0x0000000705800000, 0x0000000705800000| Untracked 
|  89|0x0000000705900000, 0x0000000705900000, 0x0000000705a00000|  0%| F|  |TAMS 0x0000000705900000, 0x0000000705900000| Untracked 
|  90|0x0000000705a00000, 0x0000000705a00000, 0x0000000705b00000|  0%| F|  |TAMS 0x0000000705a00000, 0x0000000705a00000| Untracked 
|  91|0x0000000705b00000, 0x0000000705b00000, 0x0000000705c00000|  0%| F|  |TAMS 0x0000000705b00000, 0x0000000705b00000| Untracked 
|  92|0x0000000705c00000, 0x0000000705c00000, 0x0000000705d00000|  0%| F|  |TAMS 0x0000000705c00000, 0x0000000705c00000| Untracked 
|  93|0x0000000705d00000, 0x0000000705d00000, 0x0000000705e00000|  0%| F|  |TAMS 0x0000000705d00000, 0x0000000705d00000| Untracked 
|  94|0x0000000705e00000, 0x0000000705e00000, 0x0000000705f00000|  0%| F|  |TAMS 0x0000000705e00000, 0x0000000705e00000| Untracked 
|  95|0x0000000705f00000, 0x0000000705f00000, 0x0000000706000000|  0%| F|  |TAMS 0x0000000705f00000, 0x0000000705f00000| Untracked 
|  96|0x0000000706000000, 0x0000000706000000, 0x0000000706100000|  0%| F|  |TAMS 0x0000000706000000, 0x0000000706000000| Untracked 
|  97|0x0000000706100000, 0x0000000706100000, 0x0000000706200000|  0%| F|  |TAMS 0x0000000706100000, 0x0000000706100000| Untracked 
|  98|0x0000000706200000, 0x0000000706200000, 0x0000000706300000|  0%| F|  |TAMS 0x0000000706200000, 0x0000000706200000| Untracked 
|  99|0x0000000706300000, 0x0000000706300000, 0x0000000706400000|  0%| F|  |TAMS 0x0000000706300000, 0x0000000706300000| Untracked 
| 100|0x0000000706400000, 0x0000000706400000, 0x0000000706500000|  0%| F|  |TAMS 0x0000000706400000, 0x0000000706400000| Untracked 
| 101|0x0000000706500000, 0x0000000706500000, 0x0000000706600000|  0%| F|  |TAMS 0x0000000706500000, 0x0000000706500000| Untracked 
| 102|0x0000000706600000, 0x0000000706600000, 0x0000000706700000|  0%| F|  |TAMS 0x0000000706600000, 0x0000000706600000| Untracked 
| 103|0x0000000706700000, 0x0000000706700000, 0x0000000706800000|  0%| F|  |TAMS 0x0000000706700000, 0x0000000706700000| Untracked 
| 104|0x0000000706800000, 0x0000000706800000, 0x0000000706900000|  0%| F|  |TAMS 0x0000000706800000, 0x0000000706800000| Untracked 
| 105|0x0000000706900000, 0x0000000706900000, 0x0000000706a00000|  0%| F|  |TAMS 0x0000000706900000, 0x0000000706900000| Untracked 
| 106|0x0000000706a00000, 0x0000000706a00000, 0x0000000706b00000|  0%| F|  |TAMS 0x0000000706a00000, 0x0000000706a00000| Untracked 
| 107|0x0000000706b00000, 0x0000000706b00000, 0x0000000706c00000|  0%| F|  |TAMS 0x0000000706b00000, 0x0000000706b00000| Untracked 
| 108|0x0000000706c00000, 0x0000000706c00000, 0x0000000706d00000|  0%| F|  |TAMS 0x0000000706c00000, 0x0000000706c00000| Untracked 
| 109|0x0000000706d00000, 0x0000000706d00000, 0x0000000706e00000|  0%| F|  |TAMS 0x0000000706d00000, 0x0000000706d00000| Untracked 
| 110|0x0000000706e00000, 0x0000000706e00000, 0x0000000706f00000|  0%| F|  |TAMS 0x0000000706e00000, 0x0000000706e00000| Untracked 
| 111|0x0000000706f00000, 0x0000000706f00000, 0x0000000707000000|  0%| F|  |TAMS 0x0000000706f00000, 0x0000000706f00000| Untracked 
| 112|0x0000000707000000, 0x0000000707000000, 0x0000000707100000|  0%| F|  |TAMS 0x0000000707000000, 0x0000000707000000| Untracked 
| 113|0x0000000707100000, 0x0000000707100000, 0x0000000707200000|  0%| F|  |TAMS 0x0000000707100000, 0x0000000707100000| Untracked 
| 114|0x0000000707200000, 0x0000000707200000, 0x0000000707300000|  0%| F|  |TAMS 0x0000000707200000, 0x0000000707200000| Untracked 
| 115|0x0000000707300000, 0x0000000707300000, 0x0000000707400000|  0%| F|  |TAMS 0x0000000707300000, 0x0000000707300000| Untracked 
| 116|0x0000000707400000, 0x0000000707400000, 0x0000000707500000|  0%| F|  |TAMS 0x0000000707400000, 0x0000000707400000| Untracked 
| 117|0x0000000707500000, 0x0000000707500000, 0x0000000707600000|  0%| F|  |TAMS 0x0000000707500000, 0x0000000707500000| Untracked 
| 118|0x0000000707600000, 0x0000000707600000, 0x0000000707700000|  0%| F|  |TAMS 0x0000000707600000, 0x0000000707600000| Untracked 
| 119|0x0000000707700000, 0x0000000707700000, 0x0000000707800000|  0%| F|  |TAMS 0x0000000707700000, 0x0000000707700000| Untracked 
| 120|0x0000000707800000, 0x0000000707800000, 0x0000000707900000|  0%| F|  |TAMS 0x0000000707800000, 0x0000000707800000| Untracked 
| 121|0x0000000707900000, 0x0000000707900000, 0x0000000707a00000|  0%| F|  |TAMS 0x0000000707900000, 0x0000000707900000| Untracked 
| 122|0x0000000707a00000, 0x0000000707a00000, 0x0000000707b00000|  0%| F|  |TAMS 0x0000000707a00000, 0x0000000707a00000| Untracked 
| 123|0x0000000707b00000, 0x0000000707b00000, 0x0000000707c00000|  0%| F|  |TAMS 0x0000000707b00000, 0x0000000707b00000| Untracked 
| 124|0x0000000707c00000, 0x0000000707c00000, 0x0000000707d00000|  0%| F|  |TAMS 0x0000000707c00000, 0x0000000707c00000| Untracked 
| 125|0x0000000707d00000, 0x0000000707d00000, 0x0000000707e00000|  0%| F|  |TAMS 0x0000000707d00000, 0x0000000707d00000| Untracked 
| 126|0x0000000707e00000, 0x0000000707e00000, 0x0000000707f00000|  0%| F|  |TAMS 0x0000000707e00000, 0x0000000707e00000| Untracked 
| 127|0x0000000707f00000, 0x0000000707f00000, 0x0000000708000000|  0%| F|  |TAMS 0x0000000707f00000, 0x0000000707f00000| Untracked 
| 128|0x0000000708000000, 0x0000000708000000, 0x0000000708100000|  0%| F|  |TAMS 0x0000000708000000, 0x0000000708000000| Untracked 
| 129|0x0000000708100000, 0x0000000708100000, 0x0000000708200000|  0%| F|  |TAMS 0x0000000708100000, 0x0000000708100000| Untracked 
| 130|0x0000000708200000, 0x0000000708200000, 0x0000000708300000|  0%| F|  |TAMS 0x0000000708200000, 0x0000000708200000| Untracked 
| 131|0x0000000708300000, 0x0000000708300000, 0x0000000708400000|  0%| F|  |TAMS 0x0000000708300000, 0x0000000708300000| Untracked 
| 132|0x0000000708400000, 0x0000000708400000, 0x0000000708500000|  0%| F|  |TAMS 0x0000000708400000, 0x0000000708400000| Untracked 
| 133|0x0000000708500000, 0x0000000708500000, 0x0000000708600000|  0%| F|  |TAMS 0x0000000708500000, 0x0000000708500000| Untracked 
| 134|0x0000000708600000, 0x0000000708600000, 0x0000000708700000|  0%| F|  |TAMS 0x0000000708600000, 0x0000000708600000| Untracked 
| 135|0x0000000708700000, 0x0000000708700000, 0x0000000708800000|  0%| F|  |TAMS 0x0000000708700000, 0x0000000708700000| Untracked 
| 136|0x0000000708800000, 0x0000000708800000, 0x0000000708900000|  0%| F|  |TAMS 0x0000000708800000, 0x0000000708800000| Untracked 
| 137|0x0000000708900000, 0x0000000708900000, 0x0000000708a00000|  0%| F|  |TAMS 0x0000000708900000, 0x0000000708900000| Untracked 
| 138|0x0000000708a00000, 0x0000000708a00000, 0x0000000708b00000|  0%| F|  |TAMS 0x0000000708a00000, 0x0000000708a00000| Untracked 
| 139|0x0000000708b00000, 0x0000000708b00000, 0x0000000708c00000|  0%| F|  |TAMS 0x0000000708b00000, 0x0000000708b00000| Untracked 
| 140|0x0000000708c00000, 0x0000000708c00000, 0x0000000708d00000|  0%| F|  |TAMS 0x0000000708c00000, 0x0000000708c00000| Untracked 
| 141|0x0000000708d00000, 0x0000000708d00000, 0x0000000708e00000|  0%| F|  |TAMS 0x0000000708d00000, 0x0000000708d00000| Untracked 
| 142|0x0000000708e00000, 0x0000000708e00000, 0x0000000708f00000|  0%| F|  |TAMS 0x0000000708e00000, 0x0000000708e00000| Untracked 
| 143|0x0000000708f00000, 0x0000000708f00000, 0x0000000709000000|  0%| F|  |TAMS 0x0000000708f00000, 0x0000000708f00000| Untracked 
| 144|0x0000000709000000, 0x0000000709000000, 0x0000000709100000|  0%| F|  |TAMS 0x0000000709000000, 0x0000000709000000| Untracked 
| 145|0x0000000709100000, 0x0000000709100000, 0x0000000709200000|  0%| F|  |TAMS 0x0000000709100000, 0x0000000709100000| Untracked 
| 146|0x0000000709200000, 0x0000000709200000, 0x0000000709300000|  0%| F|  |TAMS 0x0000000709200000, 0x0000000709200000| Untracked 
| 147|0x0000000709300000, 0x0000000709300000, 0x0000000709400000|  0%| F|  |TAMS 0x0000000709300000, 0x0000000709300000| Untracked 
| 148|0x0000000709400000, 0x0000000709400000, 0x0000000709500000|  0%| F|  |TAMS 0x0000000709400000, 0x0000000709400000| Untracked 
| 149|0x0000000709500000, 0x0000000709500000, 0x0000000709600000|  0%| F|  |TAMS 0x0000000709500000, 0x0000000709500000| Untracked 
| 150|0x0000000709600000, 0x0000000709600000, 0x0000000709700000|  0%| F|  |TAMS 0x0000000709600000, 0x0000000709600000| Untracked 
| 151|0x0000000709700000, 0x0000000709700000, 0x0000000709800000|  0%| F|  |TAMS 0x0000000709700000, 0x0000000709700000| Untracked 
| 152|0x0000000709800000, 0x0000000709800000, 0x0000000709900000|  0%| F|  |TAMS 0x0000000709800000, 0x0000000709800000| Untracked 
| 153|0x0000000709900000, 0x0000000709900000, 0x0000000709a00000|  0%| F|  |TAMS 0x0000000709900000, 0x0000000709900000| Untracked 
| 154|0x0000000709a00000, 0x0000000709a00000, 0x0000000709b00000|  0%| F|  |TAMS 0x0000000709a00000, 0x0000000709a00000| Untracked 
| 155|0x0000000709b00000, 0x0000000709b00000, 0x0000000709c00000|  0%| F|  |TAMS 0x0000000709b00000, 0x0000000709b00000| Untracked 
| 156|0x0000000709c00000, 0x0000000709c00000, 0x0000000709d00000|  0%| F|  |TAMS 0x0000000709c00000, 0x0000000709c00000| Untracked 
| 157|0x0000000709d00000, 0x0000000709d00000, 0x0000000709e00000|  0%| F|  |TAMS 0x0000000709d00000, 0x0000000709d00000| Untracked 
| 158|0x0000000709e00000, 0x0000000709e00000, 0x0000000709f00000|  0%| F|  |TAMS 0x0000000709e00000, 0x0000000709e00000| Untracked 
| 159|0x0000000709f00000, 0x0000000709f00000, 0x000000070a000000|  0%| F|  |TAMS 0x0000000709f00000, 0x0000000709f00000| Untracked 
| 160|0x000000070a000000, 0x000000070a000000, 0x000000070a100000|  0%| F|  |TAMS 0x000000070a000000, 0x000000070a000000| Untracked 
| 161|0x000000070a100000, 0x000000070a100000, 0x000000070a200000|  0%| F|  |TAMS 0x000000070a100000, 0x000000070a100000| Untracked 
| 162|0x000000070a200000, 0x000000070a200000, 0x000000070a300000|  0%| F|  |TAMS 0x000000070a200000, 0x000000070a200000| Untracked 
| 163|0x000000070a300000, 0x000000070a300000, 0x000000070a400000|  0%| F|  |TAMS 0x000000070a300000, 0x000000070a300000| Untracked 
| 164|0x000000070a400000, 0x000000070a400000, 0x000000070a500000|  0%| F|  |TAMS 0x000000070a400000, 0x000000070a400000| Untracked 
| 165|0x000000070a500000, 0x000000070a500000, 0x000000070a600000|  0%| F|  |TAMS 0x000000070a500000, 0x000000070a500000| Untracked 
| 166|0x000000070a600000, 0x000000070a600000, 0x000000070a700000|  0%| F|  |TAMS 0x000000070a600000, 0x000000070a600000| Untracked 
| 167|0x000000070a700000, 0x000000070a700000, 0x000000070a800000|  0%| F|  |TAMS 0x000000070a700000, 0x000000070a700000| Untracked 
| 168|0x000000070a800000, 0x000000070a800000, 0x000000070a900000|  0%| F|  |TAMS 0x000000070a800000, 0x000000070a800000| Untracked 
| 169|0x000000070a900000, 0x000000070a900000, 0x000000070aa00000|  0%| F|  |TAMS 0x000000070a900000, 0x000000070a900000| Untracked 
| 170|0x000000070aa00000, 0x000000070aa00000, 0x000000070ab00000|  0%| F|  |TAMS 0x000000070aa00000, 0x000000070aa00000| Untracked 
| 171|0x000000070ab00000, 0x000000070ab00000, 0x000000070ac00000|  0%| F|  |TAMS 0x000000070ab00000, 0x000000070ab00000| Untracked 
| 172|0x000000070ac00000, 0x000000070ac00000, 0x000000070ad00000|  0%| F|  |TAMS 0x000000070ac00000, 0x000000070ac00000| Untracked 
| 173|0x000000070ad00000, 0x000000070ad00000, 0x000000070ae00000|  0%| F|  |TAMS 0x000000070ad00000, 0x000000070ad00000| Untracked 
| 174|0x000000070ae00000, 0x000000070ae00000, 0x000000070af00000|  0%| F|  |TAMS 0x000000070ae00000, 0x000000070ae00000| Untracked 
| 175|0x000000070af00000, 0x000000070af00000, 0x000000070b000000|  0%| F|  |TAMS 0x000000070af00000, 0x000000070af00000| Untracked 
| 176|0x000000070b000000, 0x000000070b000000, 0x000000070b100000|  0%| F|  |TAMS 0x000000070b000000, 0x000000070b000000| Untracked 
| 177|0x000000070b100000, 0x000000070b100000, 0x000000070b200000|  0%| F|  |TAMS 0x000000070b100000, 0x000000070b100000| Untracked 
| 178|0x000000070b200000, 0x000000070b200000, 0x000000070b300000|  0%| F|  |TAMS 0x000000070b200000, 0x000000070b200000| Untracked 
| 179|0x000000070b300000, 0x000000070b300000, 0x000000070b400000|  0%| F|  |TAMS 0x000000070b300000, 0x000000070b300000| Untracked 
| 180|0x000000070b400000, 0x000000070b400000, 0x000000070b500000|  0%| F|  |TAMS 0x000000070b400000, 0x000000070b400000| Untracked 
| 181|0x000000070b500000, 0x000000070b500000, 0x000000070b600000|  0%| F|  |TAMS 0x000000070b500000, 0x000000070b500000| Untracked 
| 182|0x000000070b600000, 0x000000070b600000, 0x000000070b700000|  0%| F|  |TAMS 0x000000070b600000, 0x000000070b600000| Untracked 
| 183|0x000000070b700000, 0x000000070b700000, 0x000000070b800000|  0%| F|  |TAMS 0x000000070b700000, 0x000000070b700000| Untracked 
| 184|0x000000070b800000, 0x000000070b800000, 0x000000070b900000|  0%| F|  |TAMS 0x000000070b800000, 0x000000070b800000| Untracked 
| 185|0x000000070b900000, 0x000000070b900000, 0x000000070ba00000|  0%| F|  |TAMS 0x000000070b900000, 0x000000070b900000| Untracked 
| 186|0x000000070ba00000, 0x000000070ba00000, 0x000000070bb00000|  0%| F|  |TAMS 0x000000070ba00000, 0x000000070ba00000| Untracked 
| 187|0x000000070bb00000, 0x000000070bb00000, 0x000000070bc00000|  0%| F|  |TAMS 0x000000070bb00000, 0x000000070bb00000| Untracked 
| 188|0x000000070bc00000, 0x000000070bc00000, 0x000000070bd00000|  0%| F|  |TAMS 0x000000070bc00000, 0x000000070bc00000| Untracked 
| 189|0x000000070bd00000, 0x000000070bd00000, 0x000000070be00000|  0%| F|  |TAMS 0x000000070bd00000, 0x000000070bd00000| Untracked 
| 190|0x000000070be00000, 0x000000070be00000, 0x000000070bf00000|  0%| F|  |TAMS 0x000000070be00000, 0x000000070be00000| Untracked 
| 191|0x000000070bf00000, 0x000000070bf00000, 0x000000070c000000|  0%| F|  |TAMS 0x000000070bf00000, 0x000000070bf00000| Untracked 
| 192|0x000000070c000000, 0x000000070c000000, 0x000000070c100000|  0%| F|  |TAMS 0x000000070c000000, 0x000000070c000000| Untracked 
| 193|0x000000070c100000, 0x000000070c100000, 0x000000070c200000|  0%| F|  |TAMS 0x000000070c100000, 0x000000070c100000| Untracked 
| 194|0x000000070c200000, 0x000000070c200000, 0x000000070c300000|  0%| F|  |TAMS 0x000000070c200000, 0x000000070c200000| Untracked 
| 195|0x000000070c300000, 0x000000070c300000, 0x000000070c400000|  0%| F|  |TAMS 0x000000070c300000, 0x000000070c300000| Untracked 
| 196|0x000000070c400000, 0x000000070c400000, 0x000000070c500000|  0%| F|  |TAMS 0x000000070c400000, 0x000000070c400000| Untracked 
| 197|0x000000070c500000, 0x000000070c500000, 0x000000070c600000|  0%| F|  |TAMS 0x000000070c500000, 0x000000070c500000| Untracked 
| 198|0x000000070c600000, 0x000000070c600000, 0x000000070c700000|  0%| F|  |TAMS 0x000000070c600000, 0x000000070c600000| Untracked 
| 199|0x000000070c700000, 0x000000070c700000, 0x000000070c800000|  0%| F|  |TAMS 0x000000070c700000, 0x000000070c700000| Untracked 
| 200|0x000000070c800000, 0x000000070c800000, 0x000000070c900000|  0%| F|  |TAMS 0x000000070c800000, 0x000000070c800000| Untracked 
| 201|0x000000070c900000, 0x000000070c900000, 0x000000070ca00000|  0%| F|  |TAMS 0x000000070c900000, 0x000000070c900000| Untracked 
| 202|0x000000070ca00000, 0x000000070ca00000, 0x000000070cb00000|  0%| F|  |TAMS 0x000000070ca00000, 0x000000070ca00000| Untracked 
| 203|0x000000070cb00000, 0x000000070cb00000, 0x000000070cc00000|  0%| F|  |TAMS 0x000000070cb00000, 0x000000070cb00000| Untracked 
| 204|0x000000070cc00000, 0x000000070cc00000, 0x000000070cd00000|  0%| F|  |TAMS 0x000000070cc00000, 0x000000070cc00000| Untracked 
| 205|0x000000070cd00000, 0x000000070cd00000, 0x000000070ce00000|  0%| F|  |TAMS 0x000000070cd00000, 0x000000070cd00000| Untracked 
| 206|0x000000070ce00000, 0x000000070cf00000, 0x000000070cf00000|100%| S|CS|TAMS 0x000000070ce00000, 0x000000070ce00000| Complete 
| 207|0x000000070cf00000, 0x000000070d000000, 0x000000070d000000|100%| S|CS|TAMS 0x000000070cf00000, 0x000000070cf00000| Complete 
| 208|0x000000070d000000, 0x000000070d100000, 0x000000070d100000|100%| S|CS|TAMS 0x000000070d000000, 0x000000070d000000| Complete 
| 209|0x000000070d100000, 0x000000070d200000, 0x000000070d200000|100%| S|CS|TAMS 0x000000070d100000, 0x000000070d100000| Complete 
| 210|0x000000070d200000, 0x000000070d300000, 0x000000070d300000|100%| S|CS|TAMS 0x000000070d200000, 0x000000070d200000| Complete 
| 211|0x000000070d300000, 0x000000070d400000, 0x000000070d400000|100%| S|CS|TAMS 0x000000070d300000, 0x000000070d300000| Complete 
| 212|0x000000070d400000, 0x000000070d500000, 0x000000070d500000|100%| S|CS|TAMS 0x000000070d400000, 0x000000070d400000| Complete 
| 213|0x000000070d500000, 0x000000070d500000, 0x000000070d600000|  0%| F|  |TAMS 0x000000070d500000, 0x000000070d500000| Untracked 
| 214|0x000000070d600000, 0x000000070d600000, 0x000000070d700000|  0%| F|  |TAMS 0x000000070d600000, 0x000000070d600000| Untracked 
| 215|0x000000070d700000, 0x000000070d700000, 0x000000070d800000|  0%| F|  |TAMS 0x000000070d700000, 0x000000070d700000| Untracked 
| 216|0x000000070d800000, 0x000000070d87fc10, 0x000000070d900000| 49%| E|  |TAMS 0x000000070d800000, 0x000000070d800000| Complete 
| 217|0x000000070d900000, 0x000000070d9e0020, 0x000000070da00000| 87%| E|  |TAMS 0x000000070d900000, 0x000000070d900000| Complete 
| 218|0x000000070da00000, 0x000000070db00000, 0x000000070db00000|100%| E|CS|TAMS 0x000000070da00000, 0x000000070da00000| Complete 
| 219|0x000000070db00000, 0x000000070dc00000, 0x000000070dc00000|100%| E|CS|TAMS 0x000000070db00000, 0x000000070db00000| Complete 
| 220|0x000000070dc00000, 0x000000070dd00000, 0x000000070dd00000|100%| E|CS|TAMS 0x000000070dc00000, 0x000000070dc00000| Complete 
| 221|0x000000070dd00000, 0x000000070de00000, 0x000000070de00000|100%| E|CS|TAMS 0x000000070dd00000, 0x000000070dd00000| Complete 
| 222|0x000000070de00000, 0x000000070df00000, 0x000000070df00000|100%| E|CS|TAMS 0x000000070de00000, 0x000000070de00000| Complete 
| 223|0x000000070df00000, 0x000000070e000000, 0x000000070e000000|100%| E|CS|TAMS 0x000000070df00000, 0x000000070df00000| Complete 
| 224|0x000000070e000000, 0x000000070e100000, 0x000000070e100000|100%| E|CS|TAMS 0x000000070e000000, 0x000000070e000000| Complete 
| 225|0x000000070e100000, 0x000000070e200000, 0x000000070e200000|100%| E|CS|TAMS 0x000000070e100000, 0x000000070e100000| Complete 
| 226|0x000000070e200000, 0x000000070e300000, 0x000000070e300000|100%| E|CS|TAMS 0x000000070e200000, 0x000000070e200000| Complete 
| 227|0x000000070e300000, 0x000000070e400000, 0x000000070e400000|100%| E|CS|TAMS 0x000000070e300000, 0x000000070e300000| Complete 
| 228|0x000000070e400000, 0x000000070e500000, 0x000000070e500000|100%| E|CS|TAMS 0x000000070e400000, 0x000000070e400000| Complete 
| 229|0x000000070e500000, 0x000000070e600000, 0x000000070e600000|100%| E|CS|TAMS 0x000000070e500000, 0x000000070e500000| Complete 
| 230|0x000000070e600000, 0x000000070e700000, 0x000000070e700000|100%| E|CS|TAMS 0x000000070e600000, 0x000000070e600000| Complete 
| 231|0x000000070e700000, 0x000000070e800000, 0x000000070e800000|100%| E|CS|TAMS 0x000000070e700000, 0x000000070e700000| Complete 
| 232|0x000000070e800000, 0x000000070e900000, 0x000000070e900000|100%| E|CS|TAMS 0x000000070e800000, 0x000000070e800000| Complete 
| 233|0x000000070e900000, 0x000000070ea00000, 0x000000070ea00000|100%| E|CS|TAMS 0x000000070e900000, 0x000000070e900000| Complete 
| 234|0x000000070ea00000, 0x000000070eb00000, 0x000000070eb00000|100%| E|CS|TAMS 0x000000070ea00000, 0x000000070ea00000| Complete 
| 235|0x000000070eb00000, 0x000000070ec00000, 0x000000070ec00000|100%| E|CS|TAMS 0x000000070eb00000, 0x000000070eb00000| Complete 
| 236|0x000000070ec00000, 0x000000070ed00000, 0x000000070ed00000|100%| E|CS|TAMS 0x000000070ec00000, 0x000000070ec00000| Complete 
| 237|0x000000070ed00000, 0x000000070ee00000, 0x000000070ee00000|100%| E|CS|TAMS 0x000000070ed00000, 0x000000070ed00000| Complete 
| 238|0x000000070ee00000, 0x000000070ef00000, 0x000000070ef00000|100%| E|CS|TAMS 0x000000070ee00000, 0x000000070ee00000| Complete 
| 239|0x000000070ef00000, 0x000000070f000000, 0x000000070f000000|100%| E|CS|TAMS 0x000000070ef00000, 0x000000070ef00000| Complete 
| 240|0x000000070f000000, 0x000000070f100000, 0x000000070f100000|100%| E|CS|TAMS 0x000000070f000000, 0x000000070f000000| Complete 
| 241|0x000000070f100000, 0x000000070f200000, 0x000000070f200000|100%| E|CS|TAMS 0x000000070f100000, 0x000000070f100000| Complete 
| 242|0x000000070f200000, 0x000000070f300000, 0x000000070f300000|100%| E|CS|TAMS 0x000000070f200000, 0x000000070f200000| Complete 
| 243|0x000000070f300000, 0x000000070f400000, 0x000000070f400000|100%| E|CS|TAMS 0x000000070f300000, 0x000000070f300000| Complete 
| 244|0x000000070f400000, 0x000000070f500000, 0x000000070f500000|100%| E|CS|TAMS 0x000000070f400000, 0x000000070f400000| Complete 
| 245|0x000000070f500000, 0x000000070f600000, 0x000000070f600000|100%| E|CS|TAMS 0x000000070f500000, 0x000000070f500000| Complete 
| 246|0x000000070f600000, 0x000000070f700000, 0x000000070f700000|100%| E|CS|TAMS 0x000000070f600000, 0x000000070f600000| Complete 
| 247|0x000000070f700000, 0x000000070f800000, 0x000000070f800000|100%| E|CS|TAMS 0x000000070f700000, 0x000000070f700000| Complete 
| 248|0x000000070f800000, 0x000000070f900000, 0x000000070f900000|100%| E|CS|TAMS 0x000000070f800000, 0x000000070f800000| Complete 
| 249|0x000000070f900000, 0x000000070fa00000, 0x000000070fa00000|100%| E|CS|TAMS 0x000000070f900000, 0x000000070f900000| Complete 
| 250|0x000000070fa00000, 0x000000070fb00000, 0x000000070fb00000|100%| E|CS|TAMS 0x000000070fa00000, 0x000000070fa00000| Complete 
| 251|0x000000070fb00000, 0x000000070fc00000, 0x000000070fc00000|100%| E|CS|TAMS 0x000000070fb00000, 0x000000070fb00000| Complete 
| 252|0x000000070fc00000, 0x000000070fd00000, 0x000000070fd00000|100%| E|CS|TAMS 0x000000070fc00000, 0x000000070fc00000| Complete 
| 253|0x000000070fd00000, 0x000000070fe00000, 0x000000070fe00000|100%| E|CS|TAMS 0x000000070fd00000, 0x000000070fd00000| Complete 
| 254|0x000000070fe00000, 0x000000070ff00000, 0x000000070ff00000|100%| E|CS|TAMS 0x000000070fe00000, 0x000000070fe00000| Complete 
| 255|0x000000070ff00000, 0x0000000710000000, 0x0000000710000000|100%| E|CS|TAMS 0x000000070ff00000, 0x000000070ff00000| Complete 

Card table byte_map: [0x00000207e95c0000,0x00000207e9dc0000] _byte_map_base: 0x00000207e5dc0000

Marking Bits (Prev, Next): (CMBitMap*) 0x00000207d5fd5ac8, (CMBitMap*) 0x00000207d5fd5b00
 Prev Bits: [0x00000207ea5c0000, 0x00000207ee5c0000)
 Next Bits: [0x00000207ee5c0000, 0x00000207f25c0000)

Polling page: 0x00000207d5750000

Metaspace:

Usage:
  Non-class:     33.11 MB capacity,    32.58 MB ( 98%) used,   456.27 KB (  1%) free+waste,    90.13 KB ( <1%) overhead. 
      Class:      5.10 MB capacity,     4.77 MB ( 94%) used,   292.45 KB (  6%) free+waste,    43.31 KB ( <1%) overhead. 
       Both:     38.21 MB capacity,    37.35 MB ( 98%) used,   748.73 KB (  2%) free+waste,   133.44 KB ( <1%) overhead. 

Virtual space:
  Non-class space:       34.00 MB reserved,      33.20 MB ( 98%) committed 
      Class space:        1.00 GB reserved,       5.13 MB ( <1%) committed 
             Both:        1.03 GB reserved,      38.33 MB (  4%) committed 

Chunk freelists:
   Non-Class:  31.00 KB
       Class:  0 bytes
        Both:  31.00 KB

MaxMetaspaceSize: 17179869184.00 GB
CompressedClassSpaceSize: 1.00 GB
Initial GC threshold: 20.80 MB
Current GC threshold: 59.09 MB
CDS: off

CodeHeap 'non-profiled nmethods': size=120000Kb used=1873Kb max_used=1873Kb free=118126Kb
 bounds [0x00000207e1560000, 0x00000207e17d0000, 0x00000207e8a90000]
CodeHeap 'profiled nmethods': size=120000Kb used=6921Kb max_used=6921Kb free=113079Kb
 bounds [0x00000207da030000, 0x00000207da700000, 0x00000207e1560000]
CodeHeap 'non-nmethods': size=5760Kb used=1582Kb max_used=1605Kb free=4177Kb
 bounds [0x00000207d9a90000, 0x00000207d9d00000, 0x00000207da030000]
 total_blobs=3940 nmethods=3316 adapters=535
 compilation: enabled
              stopped_count=0, restarted_count=0
 full_count=0

Compilation events (20 events):
Event: 2.869 Thread 0x00000207f5a53800 3180       3       java.util.concurrent.locks.ReentrantLock::lock (9 bytes)
Event: 2.870 Thread 0x00000207f5a53800 nmethod 3180 0x00000207da689e10 code [0x00000207da68a020, 0x00000207da68a478]
Event: 2.870 Thread 0x00000207f69f3000 nmethod 3177 0x00000207e1724a90 code [0x00000207e1724c60, 0x00000207e1724e98]
Event: 2.871 Thread 0x00000207f5141800 3181       4       java.net.URLClassLoader$1::run (5 bytes)
Event: 2.871 Thread 0x00000207f69f3000 3182   !   4       java.net.URLClassLoader$1::run (81 bytes)
Event: 2.871 Thread 0x00000207f9204800 nmethod 3124 0x00000207e1725090 code [0x00000207e1725260, 0x00000207e1725c98]
Event: 2.874 Thread 0x00000207f9204800 3183       4       java.util.jar.JarFile$1::apply (9 bytes)
Event: 2.876 Thread 0x00000207f9204800 nmethod 3183 0x00000207e1726110 code [0x00000207e17262c0, 0x00000207e17265b8]
Event: 2.884 Thread 0x00000207f5a53800 3184       3       java.util.ImmutableCollections$Set12::contains (28 bytes)
Event: 2.884 Thread 0x00000207f5a53800 nmethod 3184 0x00000207da68a610 code [0x00000207da68a7e0, 0x00000207da68ab38]
Event: 2.886 Thread 0x00000207f9204800 3185       4       java.lang.Throwable::<init> (39 bytes)
Event: 2.888 Thread 0x00000207f5a53800 3187       3       java.lang.String::equalsIgnoreCase (45 bytes)
Event: 2.888 Thread 0x00000207f5a53800 nmethod 3187 0x00000207da68ac10 code [0x00000207da68ae20, 0x00000207da68b388]
Event: 2.892 Thread 0x00000207f9204800 nmethod 3185 0x00000207e1726790 code [0x00000207e1726960, 0x00000207e1727538]
Event: 2.892 Thread 0x00000207f9204800 3189       4       jdk.internal.ref.CleanerFactory::cleaner (4 bytes)
Event: 2.892 Thread 0x00000207f9204800 nmethod 3189 0x00000207e1727710 code [0x00000207e17278a0, 0x00000207e17278f8]
Event: 2.892 Thread 0x00000207f9204800 3186       4       java.lang.ReflectiveOperationException::<init> (7 bytes)
Event: 2.892 Thread 0x00000207f9204800 nmethod 3186 0x00000207e1727a10 code [0x00000207e1727ba0, 0x00000207e1727c28]
Event: 2.892 Thread 0x00000207f9204800 3188       4       jdk.internal.util.Preconditions::checkIndex (18 bytes)
Event: 2.893 Thread 0x00000207f9204800 nmethod 3188 0x00000207e1727d10 code [0x00000207e1727ea0, 0x00000207e1727f18]

GC Heap History (10 events):
Event: 0.451 GC heap before
{Heap before GC invocations=0 (full 0):
 garbage-first heap   total 262144K, used 29696K [0x0000000700000000, 0x0000000800000000)
  region size 1024K, 24 young (24576K), 0 survivors (0K)
 Metaspace       used 10135K, capacity 10399K, committed 10624K, reserved 1058816K
  class space    used 1046K, capacity 1106K, committed 1152K, reserved 1048576K
}
Event: 0.454 GC heap after
{Heap after GC invocations=1 (full 0):
 garbage-first heap   total 262144K, used 9242K [0x0000000700000000, 0x0000000800000000)
  region size 1024K, 3 young (3072K), 3 survivors (3072K)
 Metaspace       used 10135K, capacity 10399K, committed 10624K, reserved 1058816K
  class space    used 1046K, capacity 1106K, committed 1152K, reserved 1048576K
}
Event: 1.428 GC heap before
{Heap before GC invocations=1 (full 0):
 garbage-first heap   total 262144K, used 72730K [0x0000000700000000, 0x0000000800000000)
  region size 1024K, 65 young (66560K), 3 survivors (3072K)
 Metaspace       used 15930K, capacity 16329K, committed 16640K, reserved 1064960K
  class space    used 1798K, capacity 1935K, committed 2048K, reserved 1048576K
}
Event: 1.432 GC heap after
{Heap after GC invocations=2 (full 0):
 garbage-first heap   total 262144K, used 15415K [0x0000000700000000, 0x0000000800000000)
  region size 1024K, 9 young (9216K), 9 survivors (9216K)
 Metaspace       used 15930K, capacity 16329K, committed 16640K, reserved 1064960K
  class space    used 1798K, capacity 1935K, committed 2048K, reserved 1048576K
}
Event: 1.743 GC heap before
{Heap before GC invocations=2 (full 0):
 garbage-first heap   total 262144K, used 55351K [0x0000000700000000, 0x0000000800000000)
  region size 1024K, 50 young (51200K), 9 survivors (9216K)
 Metaspace       used 20796K, capacity 21197K, committed 21296K, reserved 1069056K
  class space    used 2528K, capacity 2688K, committed 2688K, reserved 1048576K
}
Event: 1.748 GC heap after
{Heap after GC invocations=3 (full 0):
 garbage-first heap   total 262144K, used 17057K [0x0000000700000000, 0x0000000800000000)
  region size 1024K, 2 young (2048K), 2 survivors (2048K)
 Metaspace       used 20796K, capacity 21197K, committed 21296K, reserved 1069056K
  class space    used 2528K, capacity 2688K, committed 2688K, reserved 1048576K
}
Event: 2.310 GC heap before
{Heap before GC invocations=4 (full 0):
 garbage-first heap   total 262144K, used 91809K [0x0000000700000000, 0x0000000800000000)
  region size 1024K, 75 young (76800K), 2 survivors (2048K)
 Metaspace       used 28086K, capacity 28767K, committed 29056K, reserved 1075200K
  class space    used 3664K, capacity 3880K, committed 3968K, reserved 1048576K
}
Event: 2.314 GC heap after
{Heap after GC invocations=5 (full 0):
 garbage-first heap   total 262144K, used 19389K [0x0000000700000000, 0x0000000800000000)
  region size 1024K, 5 young (5120K), 5 survivors (5120K)
 Metaspace       used 28086K, capacity 28767K, committed 29056K, reserved 1075200K
  class space    used 3664K, capacity 3880K, committed 3968K, reserved 1048576K
}
Event: 2.707 GC heap before
{Heap before GC invocations=5 (full 0):
 garbage-first heap   total 262144K, used 62397K [0x0000000700000000, 0x0000000800000000)
  region size 1024K, 48 young (49152K), 5 survivors (5120K)
 Metaspace       used 35203K, capacity 35978K, committed 36048K, reserved 1081344K
  class space    used 4527K, capacity 4840K, committed 4864K, reserved 1048576K
}
Event: 2.711 GC heap after
{Heap after GC invocations=6 (full 0):
 garbage-first heap   total 262144K, used 22407K [0x0000000700000000, 0x0000000800000000)
  region size 1024K, 7 young (7168K), 7 survivors (7168K)
 Metaspace       used 35203K, capacity 35978K, committed 36048K, reserved 1081344K
  class space    used 4527K, capacity 4840K, committed 4864K, reserved 1048576K
}

Deoptimization events (20 events):
Event: 2.845 Thread 0x00000207f6fa1000 Uncommon trap: trap_request=0xffffffbe fr.pc=0x00000207e1719f80 relative=0x0000000000000b00
Event: 2.845 Thread 0x00000207f6fa1000 Uncommon trap: reason=profile_predicate action=maybe_recompile pc=0x00000207e1719f80 method=jdk.internal.jimage.ImageStringsReader.charsFromByteBuffer([CLjava/nio/ByteBuffer;)V @ 6 c2
Event: 2.845 Thread 0x00000207f6fa1000 DEOPT PACKING pc=0x00000207e1719f80 sp=0x000000f07fbf8930
Event: 2.845 Thread 0x00000207f6fa1000 DEOPT UNPACKING pc=0x00000207d9ada1af sp=0x000000f07fbf8808 mode 2
Event: 2.845 Thread 0x00000207f6fa1000 Uncommon trap: trap_request=0xffffffbe fr.pc=0x00000207e1719f80 relative=0x0000000000000b00
Event: 2.845 Thread 0x00000207f6fa1000 Uncommon trap: reason=profile_predicate action=maybe_recompile pc=0x00000207e1719f80 method=jdk.internal.jimage.ImageStringsReader.charsFromByteBuffer([CLjava/nio/ByteBuffer;)V @ 6 c2
Event: 2.845 Thread 0x00000207f6fa1000 DEOPT PACKING pc=0x00000207e1719f80 sp=0x000000f07fbf8880
Event: 2.845 Thread 0x00000207f6fa1000 DEOPT UNPACKING pc=0x00000207d9ada1af sp=0x000000f07fbf8758 mode 2
Event: 2.845 Thread 0x00000207f6fa1000 Uncommon trap: trap_request=0xffffffbe fr.pc=0x00000207e1719f80 relative=0x0000000000000b00
Event: 2.845 Thread 0x00000207f6fa1000 Uncommon trap: reason=profile_predicate action=maybe_recompile pc=0x00000207e1719f80 method=jdk.internal.jimage.ImageStringsReader.charsFromByteBuffer([CLjava/nio/ByteBuffer;)V @ 6 c2
Event: 2.845 Thread 0x00000207f6fa1000 DEOPT PACKING pc=0x00000207e1719f80 sp=0x000000f07fbf86a0
Event: 2.845 Thread 0x00000207f6fa1000 DEOPT UNPACKING pc=0x00000207d9ada1af sp=0x000000f07fbf8578 mode 2
Event: 2.845 Thread 0x00000207f6fa1000 Uncommon trap: trap_request=0xffffffbe fr.pc=0x00000207e1719f80 relative=0x0000000000000b00
Event: 2.845 Thread 0x00000207f6fa1000 Uncommon trap: reason=profile_predicate action=maybe_recompile pc=0x00000207e1719f80 method=jdk.internal.jimage.ImageStringsReader.charsFromByteBuffer([CLjava/nio/ByteBuffer;)V @ 6 c2
Event: 2.845 Thread 0x00000207f6fa1000 DEOPT PACKING pc=0x00000207e1719f80 sp=0x000000f07fbf86a0
Event: 2.845 Thread 0x00000207f6fa1000 DEOPT UNPACKING pc=0x00000207d9ada1af sp=0x000000f07fbf8578 mode 2
Event: 2.853 Thread 0x00000207f6fa1000 Uncommon trap: trap_request=0xffffffcc fr.pc=0x00000207e170c380 relative=0x00000000000002c0
Event: 2.853 Thread 0x00000207f6fa1000 Uncommon trap: reason=intrinsic_or_type_checked_inlining action=make_not_entrant pc=0x00000207e170c380 method=java.util.Arrays.copyOf([Ljava/lang/Object;ILjava/lang/Class;)[Ljava/lang/Object; @ 35 c2
Event: 2.853 Thread 0x00000207f6fa1000 DEOPT PACKING pc=0x00000207e170c380 sp=0x000000f07fbfa0b0
Event: 2.853 Thread 0x00000207f6fa1000 DEOPT UNPACKING pc=0x00000207d9ada1af sp=0x000000f07fbfa040 mode 2

Classes redefined (0 events):
No events

Internal exceptions (20 events):
Event: 2.409 Thread 0x00000207f6fa1000 Exception <a 'java/lang/NoSuchMethodError'{0x000000070f133498}: 'java.lang.Object java.lang.invoke.Invokers$Holder.linkToTargetMethod(java.lang.Object, java.lang.Object, java.lang.Object, java.lang.Object, java.lang.Object, java.lang.Object, java.lang.Object)'> (0x000000070f133498) thrown at [./src/hotspot/share/interpreter/linkResolver.cpp, line 773]
Event: 2.411 Thread 0x00000207f6fa1000 Exception <a 'java/lang/IncompatibleClassChangeError'{0x000000070f187ee0}: Found class java.lang.Object, but interface was expected> (0x000000070f187ee0) thrown at [./src/hotspot/share/interpreter/linkResolver.cpp, line 839]
Event: 2.564 Thread 0x00000207f6fa1000 Exception <a 'java/lang/NoSuchMethodError'{0x000000070de45038}: 'void java.lang.invoke.DirectMethodHandle$Holder.invokeStaticInit(java.lang.Object, java.lang.Object, java.lang.Object)'> (0x000000070de45038) thrown at [./src/hotspot/share/interpreter/linkResolver.cpp, line 773]
Event: 2.565 Thread 0x00000207f6fa1000 Exception <a 'java/lang/NoSuchMethodError'{0x000000070de4c290}: 'void java.lang.invoke.DirectMethodHandle$Holder.invokeStaticInit(java.lang.Object, java.lang.Object, java.lang.Object, java.lang.Object)'> (0x000000070de4c290) thrown at [./src/hotspot/share/interpreter/linkResolver.cpp, line 773]
Event: 2.566 Thread 0x00000207f6fa1000 Exception <a 'java/lang/NoSuchMethodError'{0x000000070de6e9c8}: 'void java.lang.invoke.DirectMethodHandle$Holder.invokeStaticInit(java.lang.Object, java.lang.Object, java.lang.Object, java.lang.Object, java.lang.Object)'> (0x000000070de6e9c8) thrown at [./src/hotspot/share/interpreter/linkResolver.cpp, line 773]
Event: 2.584 Thread 0x00000207f6fa1000 Exception <a 'java/lang/NoSuchMethodError'{0x000000070decd408}: 'int java.lang.invoke.DirectMethodHandle$Holder.invokeStaticInit(java.lang.Object, java.lang.Object, java.lang.Object, java.lang.Object)'> (0x000000070decd408) thrown at [./src/hotspot/share/interpreter/linkResolver.cpp, line 773]
Event: 2.700 Thread 0x00000207f6fa1000 Exception <a 'java/lang/NoSuchMethodError'{0x000000070d6471c8}: 'java.lang.Object java.lang.invoke.DirectMethodHandle$Holder.invokeStatic(java.lang.Object, java.lang.Object, java.lang.Object, java.lang.Object, java.lang.Object, java.lang.Object, java.lang.Object, java.lang.Object, java.lang.Object, java.lang.Object, java.lang.Object, int)'> (0x000000070d6471c8) thrown at [./src/hotspot/share/interpreter/linkResolver.cpp, line 773]
Event: 2.701 Thread 0x00000207f6fa1000 Exception <a 'java/lang/NoSuchMethodError'{0x000000070d665b68}: 'java.lang.Object java.lang.invoke.DirectMethodHandle$Holder.invokeStatic(java.lang.Object, java.lang.Object, java.lang.Object, java.lang.Object, java.lang.Object, java.lang.Object, java.lang.Object, java.lang.Object, java.lang.Object, java.lang.Object, java.lang.Object, int, int)'> (0x000000070d665b68) thrown at [./src/hotspot/share/interpreter/linkResolver.cpp, line 773]
Event: 2.702 Thread 0x00000207f6fa1000 Exception <a 'java/lang/NoSuchMethodError'{0x000000070d6855e8}: 'java.lang.Object java.lang.invoke.DirectMethodHandle$Holder.invokeStatic(java.lang.Object, java.lang.Object, java.lang.Object, java.lang.Object, java.lang.Object, java.lang.Object, java.lang.Object, java.lang.Object, java.lang.Object, java.lang.Object, java.lang.Object, int, int, java.lang.Object)'> (0x000000070d6855e8) thrown at [./src/hotspot/share/interpreter/linkResolver.cpp, line 773]
Event: 2.703 Thread 0x00000207f6fa1000 Exception <a 'java/lang/NoSuchMethodError'{0x000000070d6a66e0}: 'java.lang.Object java.lang.invoke.DirectMethodHandle$Holder.invokeStatic(java.lang.Object, java.lang.Object, java.lang.Object, java.lang.Object, java.lang.Object, java.lang.Object, java.lang.Object, java.lang.Object, java.lang.Object, java.lang.Object, java.lang.Object, int, int, java.lang.Object, java.lang.Object)'> (0x000000070d6a66e0) thrown at [./src/hotspot/share/interpreter/linkResolver.cpp, line 773]
Event: 2.704 Thread 0x00000207f6fa1000 Exception <a 'java/lang/ClassNotFoundException'{0x000000070d6d6830}: groovy/lang/ExpandoMetaClassBeanInfo> (0x000000070d6d6830) thrown at [./src/hotspot/share/classfile/systemDictionary.cpp, line 231]
Event: 2.704 Thread 0x00000207f6fa1000 Exception <a 'java/lang/ClassNotFoundException'{0x000000070d6f6d98}: groovy/lang/MetaClassImplBeanInfo> (0x000000070d6f6d98) thrown at [./src/hotspot/share/classfile/systemDictionary.cpp, line 231]
Event: 2.705 Thread 0x00000207f6fa1000 Exception <a 'java/lang/ClassNotFoundException'{0x000000070d5003f8}: java/lang/ObjectBeanInfo> (0x000000070d5003f8) thrown at [./src/hotspot/share/classfile/systemDictionary.cpp, line 231]
Event: 2.705 Thread 0x00000207f6fa1000 Exception <a 'java/lang/ClassNotFoundException'{0x000000070d50bea0}: java/lang/ObjectCustomizer> (0x000000070d50bea0) thrown at [./src/hotspot/share/classfile/systemDictionary.cpp, line 231]
Event: 2.714 Thread 0x00000207f6fa1000 Exception <a 'java/lang/ClassNotFoundException'{0x000000070ff64eb0}: groovy/lang/MetaClassImplCustomizer> (0x000000070ff64eb0) thrown at [./src/hotspot/share/classfile/systemDictionary.cpp, line 231]
Event: 2.717 Thread 0x00000207f6fa1000 Exception <a 'java/lang/ClassNotFoundException'{0x000000070ffa4e10}: groovy/lang/ExpandoMetaClassCustomizer> (0x000000070ffa4e10) thrown at [./src/hotspot/share/classfile/systemDictionary.cpp, line 231]
Event: 2.854 Thread 0x00000207f6fa1000 Exception <a 'java/lang/ClassNotFoundException'{0x000000070e693f50}: org/gradle/internal/extensibility/DefaultExtraPropertiesExtensionBeanInfo> (0x000000070e693f50) thrown at [./src/hotspot/share/classfile/systemDictionary.cpp, line 231]
Event: 2.855 Thread 0x00000207f6fa1000 Exception <a 'java/lang/ClassNotFoundException'{0x000000070e6b5768}: groovy/lang/GroovyObjectSupportBeanInfo> (0x000000070e6b5768) thrown at [./src/hotspot/share/classfile/systemDictionary.cpp, line 231]
Event: 2.855 Thread 0x00000207f6fa1000 Exception <a 'java/lang/ClassNotFoundException'{0x000000070e6d6fc8}: groovy/lang/GroovyObjectSupportCustomizer> (0x000000070e6d6fc8) thrown at [./src/hotspot/share/classfile/systemDictionary.cpp, line 231]
Event: 2.856 Thread 0x00000207f6fa1000 Exception <a 'java/lang/ClassNotFoundException'{0x000000070e6fef78}: org/gradle/internal/extensibility/DefaultExtraPropertiesExtensionCustomizer> (0x000000070e6fef78) thrown at [./src/hotspot/share/classfile/systemDictionary.cpp, line 231]

Events (20 events):
Event: 2.897 loading class org/gradle/cache/internal/btree/ByteOutput$ResettableBufferedOutputStream
Event: 2.897 loading class org/gradle/cache/internal/btree/ByteOutput$ResettableBufferedOutputStream done
Event: 2.897 loading class com/google/common/io/CountingOutputStream
Event: 2.897 loading class com/google/common/io/CountingOutputStream done
Event: 2.897 loading class org/gradle/cache/internal/btree/ByteInput
Event: 2.897 loading class org/gradle/cache/internal/btree/ByteInput done
Event: 2.897 loading class org/gradle/cache/internal/btree/ByteInput$ResettableBufferedInputStream
Event: 2.897 loading class org/gradle/cache/internal/btree/ByteInput$ResettableBufferedInputStream done
Event: 2.897 Executing VM operation: Deoptimize
Event: 2.897 Executing VM operation: Deoptimize done
Event: 2.897 loading class com/google/common/io/CountingInputStream
Event: 2.897 loading class com/google/common/io/CountingInputStream done
Event: 2.898 loading class org/gradle/cache/internal/btree/BlockPointer
Event: 2.898 loading class org/gradle/cache/internal/btree/BlockPointer done
Event: 2.898 loading class com/google/common/primitives/Longs
Event: 2.898 loading class com/google/common/primitives/Longs done
Event: 2.899 loading class com/google/common/primitives/Longs$LongConverter
Event: 2.899 loading class com/google/common/primitives/Longs$LongConverter done
Event: 2.899 loading class org/gradle/cache/internal/btree/BTreePersistentIndexedCache$IndexRoot
Event: 2.899 loading class org/gradle/cache/internal/btree/BTreePersistentIndexedCache$IndexRoot done


Dynamic libraries:
0x00007ff714330000 - 0x00007ff71433a000 	C:\Program Files\Android\Android Studio\jre\bin\java.exe
0x00007ffbd8af0000 - 0x00007ffbd8ce8000 	C:\Windows\SYSTEM32\ntdll.dll
0x00007ffbd6b70000 - 0x00007ffbd6c2f000 	C:\Windows\System32\KERNEL32.DLL
0x00007ffbd6830000 - 0x00007ffbd6b02000 	C:\Windows\System32\KERNELBASE.dll
0x00007ffbd61c0000 - 0x00007ffbd62c0000 	C:\Windows\System32\ucrtbase.dll
0x00007ffbcfa50000 - 0x00007ffbcfa69000 	C:\Program Files\Android\Android Studio\jre\bin\jli.dll
0x00007ffbcfa30000 - 0x00007ffbcfa47000 	C:\Program Files\Android\Android Studio\jre\bin\VCRUNTIME140.dll
0x00007ffbd7890000 - 0x00007ffbd7a2d000 	C:\Windows\System32\USER32.dll
0x00007ffbd65b0000 - 0x00007ffbd65d2000 	C:\Windows\System32\win32u.dll
0x00007ffbc8140000 - 0x00007ffbc83da000 	C:\Windows\WinSxS\amd64_microsoft.windows.common-controls_6595b64144ccf1df_6.0.19041.1110_none_60b5254171f9507e\COMCTL32.dll
0x00007ffbd7a30000 - 0x00007ffbd7a5b000 	C:\Windows\System32\GDI32.dll
0x00007ffbd87a0000 - 0x00007ffbd883e000 	C:\Windows\System32\msvcrt.dll
0x00007ffbd63a0000 - 0x00007ffbd64af000 	C:\Windows\System32\gdi32full.dll
0x00007ffbd65e0000 - 0x00007ffbd667d000 	C:\Windows\System32\msvcp_win.dll
0x00007ffbd6d30000 - 0x00007ffbd6d62000 	C:\Windows\System32\IMM32.DLL
0x00007ffbcf990000 - 0x00007ffbcfa2d000 	C:\Program Files\Android\Android Studio\jre\bin\msvcp140.dll
0x00007ffb92180000 - 0x00007ffb92c82000 	C:\Program Files\Android\Android Studio\jre\bin\server\jvm.dll
0x00007ffbd77e0000 - 0x00007ffbd788e000 	C:\Windows\System32\ADVAPI32.dll
0x00007ffbd89e0000 - 0x00007ffbd8a7c000 	C:\Windows\System32\sechost.dll
0x00007ffbd6dd0000 - 0x00007ffbd6ef5000 	C:\Windows\System32\RPCRT4.dll
0x00007ffbd7b80000 - 0x00007ffbd7b88000 	C:\Windows\System32\PSAPI.DLL
0x00007ffbcf630000 - 0x00007ffbcf63a000 	C:\Windows\SYSTEM32\VERSION.dll
0x00007ffbd1130000 - 0x00007ffbd1139000 	C:\Windows\SYSTEM32\WSOCK32.dll
0x00007ffbc73f0000 - 0x00007ffbc7417000 	C:\Windows\SYSTEM32\WINMM.dll
0x00007ffbd7590000 - 0x00007ffbd75fb000 	C:\Windows\System32\WS2_32.dll
0x00007ffbd40a0000 - 0x00007ffbd40b2000 	C:\Windows\SYSTEM32\kernel.appcore.dll
0x00007ffb9b440000 - 0x00007ffb9b451000 	C:\Program Files\Android\Android Studio\jre\bin\verify.dll
0x00007ffbc47f0000 - 0x00007ffbc49d4000 	C:\Windows\SYSTEM32\DBGHELP.DLL
0x00007ffbc3db0000 - 0x00007ffbc3ddc000 	C:\Windows\SYSTEM32\dbgcore.DLL
0x00007ffbd6520000 - 0x00007ffbd65a2000 	C:\Windows\System32\bcryptPrimitives.dll
0x00007ffb9a8d0000 - 0x00007ffb9a8f9000 	C:\Program Files\Android\Android Studio\jre\bin\java.dll
0x00007ffbd0500000 - 0x00007ffbd050b000 	C:\Program Files\Android\Android Studio\jre\bin\jimage.dll
0x00007ffb9a8b0000 - 0x00007ffb9a8c8000 	C:\Program Files\Android\Android Studio\jre\bin\zip.dll
0x00007ffbd7cf0000 - 0x00007ffbd8433000 	C:\Windows\System32\SHELL32.dll
0x00007ffbd42a0000 - 0x00007ffbd4a32000 	C:\Windows\SYSTEM32\windows.storage.dll
0x00007ffbd8440000 - 0x00007ffbd8794000 	C:\Windows\System32\combase.dll
0x00007ffbd5c20000 - 0x00007ffbd5c50000 	C:\Windows\SYSTEM32\Wldp.dll
0x00007ffbd8840000 - 0x00007ffbd88ed000 	C:\Windows\System32\SHCORE.dll
0x00007ffbd6b10000 - 0x00007ffbd6b65000 	C:\Windows\System32\shlwapi.dll
0x00007ffbd6100000 - 0x00007ffbd611f000 	C:\Windows\SYSTEM32\profapi.dll
0x00007ffb9a890000 - 0x00007ffb9a8aa000 	C:\Program Files\Android\Android Studio\jre\bin\net.dll
0x00007ffbcafe0000 - 0x00007ffbcb0ec000 	C:\Windows\SYSTEM32\WINHTTP.dll
0x00007ffbd5980000 - 0x00007ffbd59ea000 	C:\Windows\system32\mswsock.dll
0x00007ffb9a870000 - 0x00007ffb9a884000 	C:\Program Files\Android\Android Studio\jre\bin\nio.dll
0x00007ffbd1160000 - 0x00007ffbd1187000 	C:\Users\admin\.gradle\native\e1d6ef7f7dcc3fd88c89a11ec53ec762bb8ba0a96d01ffa2cd45eb1d1d8dd5c5\windows-amd64\native-platform.dll
0x00007ffbbb760000 - 0x00007ffbbb8a4000 	C:\Users\admin\.gradle\native\0d407fdbe67a94daf76414ababcb853783967236a71b16ec16e742cd7a986fd3\windows-amd64\native-platform-file-events.dll
0x00007ffbb92b0000 - 0x00007ffbb92ba000 	C:\Program Files\Android\Android Studio\jre\bin\management.dll
0x00007ffbb8990000 - 0x00007ffbb899d000 	C:\Program Files\Android\Android Studio\jre\bin\management_ext.dll
0x00007ffbd5b80000 - 0x00007ffbd5b98000 	C:\Windows\SYSTEM32\CRYPTSP.dll
0x00007ffbd51c0000 - 0x00007ffbd51f4000 	C:\Windows\system32\rsaenh.dll
0x00007ffbd62c0000 - 0x00007ffbd62e7000 	C:\Windows\System32\bcrypt.dll
0x00007ffbd60c0000 - 0x00007ffbd60ee000 	C:\Windows\SYSTEM32\USERENV.dll
0x00007ffbd5b70000 - 0x00007ffbd5b7c000 	C:\Windows\SYSTEM32\CRYPTBASE.dll
0x00007ffbd5620000 - 0x00007ffbd565b000 	C:\Windows\SYSTEM32\IPHLPAPI.DLL
0x00007ffbd6f60000 - 0x00007ffbd6f68000 	C:\Windows\System32\NSI.dll
0x00007ffbd02e0000 - 0x00007ffbd02f7000 	C:\Windows\SYSTEM32\dhcpcsvc6.DLL
0x00007ffbd02c0000 - 0x00007ffbd02dd000 	C:\Windows\SYSTEM32\dhcpcsvc.DLL
0x00007ffbd5670000 - 0x00007ffbd573a000 	C:\Windows\SYSTEM32\DNSAPI.dll

dbghelp: loaded successfully - version: 4.0.5 - missing functions: none
symbol engine: initialized successfully - sym options: 0x614 - pdb path: .;C:\Program Files\Android\Android Studio\jre\bin;C:\Windows\SYSTEM32;C:\Windows\WinSxS\amd64_microsoft.windows.common-controls_6595b64144ccf1df_6.0.19041.1110_none_60b5254171f9507e;C:\Program Files\Android\Android Studio\jre\bin\server;C:\Users\admin\.gradle\native\e1d6ef7f7dcc3fd88c89a11ec53ec762bb8ba0a96d01ffa2cd45eb1d1d8dd5c5\windows-amd64;C:\Users\admin\.gradle\native\0d407fdbe67a94daf76414ababcb853783967236a71b16ec16e742cd7a986fd3\windows-amd64

VM Arguments:
jvm_args: --add-opens=java.base/java.util=ALL-UNNAMED --add-opens=java.base/java.lang=ALL-UNNAMED --add-opens=java.base/java.lang.invoke=ALL-UNNAMED --add-opens=java.base/java.util=ALL-UNNAMED --add-opens=java.prefs/java.util.prefs=ALL-UNNAMED --add-opens=java.prefs/java.util.prefs=ALL-UNNAMED --add-opens=java.base/java.nio.charset=ALL-UNNAMED --add-opens=java.base/java.net=ALL-UNNAMED --add-opens=java.base/java.util.concurrent.atomic=ALL-UNNAMED -Xmx4096m -Dfile.encoding=UTF-8 -Duser.country=RU -Duser.language=ru -Duser.variant 
java_command: org.gradle.launcher.daemon.bootstrap.GradleDaemon 7.4
java_class_path (initial): C:\Users\admin\.gradle\wrapper\dists\gradle-7.4-bin\c0gwcg53nkjbqw7r0h0umtfvt\gradle-7.4\lib\gradle-launcher-7.4.jar
Launcher Type: SUN_STANDARD

[Global flags]
     intx CICompilerCount                          = 4                                         {product} {ergonomic}
     uint ConcGCThreads                            = 2                                         {product} {ergonomic}
     uint G1ConcRefinementThreads                  = 8                                         {product} {ergonomic}
   size_t G1HeapRegionSize                         = 1048576                                   {product} {ergonomic}
    uintx GCDrainStackTargetSize                   = 64                                        {product} {ergonomic}
   size_t InitialHeapSize                          = 268435456                                 {product} {ergonomic}
   size_t MarkStackSize                            = 4194304                                   {product} {ergonomic}
   size_t MaxHeapSize                              = 4294967296                                {product} {command line}
   size_t MaxNewSize                               = 2576351232                                {product} {ergonomic}
   size_t MinHeapDeltaBytes                        = 1048576                                   {product} {ergonomic}
    uintx NonNMethodCodeHeapSize                   = 5836300                                {pd product} {ergonomic}
    uintx NonProfiledCodeHeapSize                  = 122910970                              {pd product} {ergonomic}
    uintx ProfiledCodeHeapSize                     = 122910970                              {pd product} {ergonomic}
    uintx ReservedCodeCacheSize                    = 251658240                              {pd product} {ergonomic}
     bool SegmentedCodeCache                       = true                                      {product} {ergonomic}
     bool UseCompressedClassPointers               = true                                 {lp64_product} {ergonomic}
     bool UseCompressedOops                        = true                                 {lp64_product} {ergonomic}
     bool UseG1GC                                  = true                                      {product} {ergonomic}
     bool UseLargePagesIndividualAllocation        = false                                  {pd product} {ergonomic}

Logging:
Log output configuration:
 #0: stdout all=warning uptime,level,tags
 #1: stderr all=off uptime,level,tags

Environment Variables:
PATH=C:\Program Files\Common Files\Oracle\Java\javapath;C:\Program Files (x86)\VMware\VMware Workstation\bin\;C:\Windows\system32;C:\Windows;C:\Windows\System32\Wbem;C:\Windows\System32\WindowsPowerShell\v1.0\;C:\Windows\System32\OpenSSH\;C:\Program Files (x86)\NVIDIA Corporation\PhysX\Common;C:\Program Files\NVIDIA Corporation\NVIDIA NvDLISR;C:\Program Files\Git\cmd;C:\Program Files (x86)\dotnet\;C:\Program Files\GitHub CLI\;C:\Users\admin\AppData\Local\Microsoft\WindowsApps;C:\Program Files\JetBrains\IntelliJ IDEA Community Edition 2021.3\bin;C:\Users\admin\AppData\Local\GitHubDesktop\bin;C:\Users\admin\AppData\Local\JetBrains\Toolbox\scripts;
USERNAME=admin
OS=Windows_NT
PROCESSOR_IDENTIFIER=Intel64 Family 6 Model 94 Stepping 3, GenuineIntel



---------------  S Y S T E M  ---------------

OS: Windows 10 , 64 bit Build 19041 (10.0.19041.2251)
OS uptime: 1 days 14:22 hours

CPU:total 8 (initial active 8) (4 cores per cpu, 2 threads per core) family 6 model 94 stepping 3 microcode 0xcc, cmov, cx8, fxsr, mmx, sse, sse2, sse3, ssse3, sse4.1, sse4.2, popcnt, avx, avx2, aes, clmul, erms, rtm, 3dnowpref, lzcnt, ht, tsc, tscinvbit, bmi1, bmi2, adx, fma

Memory: 4k page, system-wide physical 16305M (10343M free)
TotalPageFile size 18737M (AvailPageFile size 12182M)
current process WorkingSet (physical memory assigned to process): 264M, peak: 265M
current process commit charge ("private bytes"): 461M, peak: 463M

vm_info: OpenJDK 64-Bit Server VM (11.0.13+0-b1751.21-8125866) for windows-amd64 JRE (11.0.13+0-b1751.21-8125866), built on Feb  2 2022 03:00:22 by "builder" with MS VC++ 14.0 (VS2015)

END.
